#
# A fatal error has been detected by the Java Runtime Environment:
#
#  EXCEPTION_ACCESS_VIOLATION (0xc0000005) at pc=0x00007ffff3b3e0a9, pid=23476, tid=12824
#
# JRE version: OpenJDK Runtime Environment Microsoft-8035246 (17.0.8+7) (build 17.0.8+7-LTS)
# Java VM: OpenJDK 64-Bit Server VM Microsoft-8035246 (17.0.8+7-LTS, mixed mode, sharing, tiered, compressed oops, compressed class ptrs, g1 gc, windows-amd64)
# Problematic frame:
# V  [jvm.dll+0x2be0a9]
#
# No core dump will be written. Minidumps are not enabled by default on client versions of Windows
#
# If you would like to submit a bug report, please visit:
#   https://github.com/microsoft/openjdk/issues
#

---------------  S U M M A R Y ------------

Command Line: -XX:MaxMetaspaceSize=512m --add-opens=java.base/java.util=ALL-UNNAMED --add-opens=java.base/java.lang=ALL-UNNAMED --add-opens=java.base/java.lang.invoke=ALL-UNNAMED --add-opens=java.prefs/java.util.prefs=ALL-UNNAMED --add-opens=java.base/java.nio.charset=ALL-UNNAMED --add-opens=java.base/java.net=ALL-UNNAMED --add-opens=java.base/java.util.concurrent.atomic=ALL-UNNAMED -Xmx2048m -Dfile.encoding=windows-1252 -Duser.country=US -Duser.language=en -Duser.variant org.gradle.launcher.daemon.bootstrap.GradleDaemon 8.0.1

Host: 12th Gen Intel(R) Core(TM) i3-1215U, 8 cores, 7G,  Windows 11 , 64 bit Build 22621 (10.0.22621.2506)
Time: Tue Dec 19 11:55:45 2023 Pakistan Standard Time elapsed time: 538.915890 seconds (0d 0h 8m 58s)

---------------  T H R E A D  ---------------

Current thread (0x000002593a4d0590):  JavaThread "C2 CompilerThread0" daemon [_thread_in_native, id=12824, stack(0x000000c22d700000,0x000000c22d800000)]


Current CompileTask:
C2: 538916 15827   !   4       org.gradle.cache.internal.DefaultMultiProcessSafePersistentIndexedCache::getIfPresent (25 bytes)

Stack: [0x000000c22d700000,0x000000c22d800000],  sp=0x000000c22d7fb3e0,  free space=1004k
Native frames: (J=compiled Java code, j=interpreted, Vv=VM code, C=native code)
V  [jvm.dll+0x2be0a9]
V  [jvm.dll+0x21ba8b]
V  [jvm.dll+0x21944b]
V  [jvm.dll+0x1a56b6]
V  [jvm.dll+0x2291ea]
V  [jvm.dll+0x22724c]
V  [jvm.dll+0x7efd0c]
V  [jvm.dll+0x7ea13a]
V  [jvm.dll+0x67ad85]
C  [ucrtbase.dll+0x29363]
C  [KERNEL32.DLL+0x1257d]
C  [ntdll.dll+0x5aa58]


siginfo: EXCEPTION_ACCESS_VIOLATION (0xc0000005), reading address 0x0000000000000028


Register to memory mapping:

RIP=0x00007ffff3b3e0a9 jvm.dll
RAX=0x000002595bbb7da0 points into unknown readable memory: 0x0000000000000000 | 00 00 00 00 00 00 00 00
RBX=0x0000000000001ad4 is an unknown value
RCX=0x0 is NULL
RDX=0x0 is NULL
RSP=0x000000c22d7fb3e0 is pointing into the stack for thread: 0x000002593a4d0590
RBP=0x000000c22d7fb450 is pointing into the stack for thread: 0x000002593a4d0590
RSI=0x0 is NULL
RDI=0x0000000000000056 is an unknown value
R8 =0x000000000000ffe0 is an unknown value
R9 =0x0 is NULL
R10=0x00007ff8467c0000 VCRUNTIME140.dll
R11=0x000002595bbb7dc0 points into unknown readable memory: 0x0000000000000000 | 00 00 00 00 00 00 00 00
R12=0x0000000000000050 is an unknown value
R13=0x0 is NULL
R14=0x0 is NULL
R15=0x000000c22d7fe600 is pointing into the stack for thread: 0x000002593a4d0590


Registers:
RAX=0x000002595bbb7da0, RBX=0x0000000000001ad4, RCX=0x0000000000000000, RDX=0x0000000000000000
RSP=0x000000c22d7fb3e0, RBP=0x000000c22d7fb450, RSI=0x0000000000000000, RDI=0x0000000000000056
R8 =0x000000000000ffe0, R9 =0x0000000000000000, R10=0x00007ff8467c0000, R11=0x000002595bbb7dc0
R12=0x0000000000000050, R13=0x0000000000000000, R14=0x0000000000000000, R15=0x000000c22d7fe600
RIP=0x00007ffff3b3e0a9, EFLAGS=0x0000000000010202

Top of Stack: (sp=0x000000c22d7fb3e0)
0x000000c22d7fb3e0:   0000000000001ad4 0000000000000000
0x000000c22d7fb3f0:   000000c22d7fe600 00007ffff3aa38d1
0x000000c22d7fb400:   000002593a4c1d70 00007fff00002000
0x000000c22d7fb410:   000002595bbb7da0 0000025900000000
0x000000c22d7fb420:   0000025900000002 000002595ae085f0
0x000000c22d7fb430:   0000000100000002 000002593a4c1d70
0x000000c22d7fb440:   0000000000000000 0000000000000000
0x000000c22d7fb450:   000002593a4b2810 000002591c0522a0
0x000000c22d7fb460:   0000000000000056 00007ffff41c4c08
0x000000c22d7fb470:   000000c22d7fb580 00007ffff3a9ba8b
0x000000c22d7fb480:   000000c22d7fe600 00007ffff41c4c08
0x000000c22d7fb490:   000000c22d7fe600 000000c22d7fb580
0x000000c22d7fb4a0:   0000025900000000 00007ffff3e9b7fb
0x000000c22d7fb4b0:   000000c20000000f 000000c22d7fe600
0x000000c22d7fb4c0:   000000c22d7fb630 0000000000000000
0x000000c22d7fb4d0:   0000025900000100 00007ffff41c4c08 

Instructions: (pc=0x00007ffff3b3e0a9)
0x00007ffff3b3dfa9:   3b d0 75 0b ff c1 41 3b c9 7c dc 48 8b c2 c3 33
0x00007ffff3b3dfb9:   c0 c3 cc cc cc cc cc 48 89 5c 24 18 55 56 57 41
0x00007ffff3b3dfc9:   55 41 57 48 8b ec 48 83 ec 70 65 48 8b 04 25 58
0x00007ffff3b3dfd9:   00 00 00 48 8b f2 44 8b 05 d2 8b 90 00 4c 8b f9
0x00007ffff3b3dfe9:   4a 8b 1c c0 b8 50 00 00 00 80 3c 18 00 75 05 e8
0x00007ffff3b3dff9:   8b 6f 5d 00 b8 20 00 00 00 48 8b 04 18 48 8b 98
0x00007ffff3b3e009:   38 02 00 00 48 89 5d b0 c7 45 b8 04 00 00 00 48
0x00007ffff3b3e019:   8b 43 18 48 83 f8 df 76 18 4c 8d 05 37 a9 65 00
0x00007ffff3b3e029:   ba 20 00 00 00 48 8b cb e8 5a eb de ff 48 8b 43
0x00007ffff3b3e039:   18 48 8d 48 20 48 3b 4b 20 76 11 45 33 c0 48 8b
0x00007ffff3b3e049:   cb 41 8d 50 20 e8 fd e8 de ff eb 04 48 89 4b 18
0x00007ffff3b3e059:   44 8b 45 b8 33 d2 49 c1 e0 03 48 8b c8 48 89 45
0x00007ffff3b3e069:   c0 e8 e3 80 5d 00 45 33 ed 48 8d 4d d0 44 89 6d
0x00007ffff3b3e079:   c8 e8 01 59 56 00 41 8b 9f 40 02 00 00 41 2b 9f
0x00007ffff3b3e089:   68 02 00 00 44 89 6d f0 3b 5d b8 72 0b 8b d3 48
0x00007ffff3b3e099:   8d 4d b0 e8 6f b3 39 00 48 8b 45 c0 4c 89 2c d8
0x00007ffff3b3e0a9:   8b 7e 28 8b df c1 eb 05 3b 5d d0 72 0b 8b d3 48
0x00007ffff3b3e0b9:   8d 4d d0 e8 1f 59 56 00 48 8b 45 d8 83 e7 1f 48
0x00007ffff3b3e0c9:   8d 14 98 40 0f b6 cf 41 b8 01 00 00 00 41 d3 e0
0x00007ffff3b3e0d9:   8b 0a 8b c1 41 0b c0 89 02 41 85 c8 75 21 8b 5d
0x00007ffff3b3e0e9:   c8 8d 43 01 89 45 c8 3b 5d b8 72 0b 8b d3 48 8d
0x00007ffff3b3e0f9:   4d b0 e8 10 b3 39 00 48 8b 45 c0 48 89 34 d8 44
0x00007ffff3b3e109:   39 6d c8 0f 86 77 01 00 00 4c 89 a4 24 a0 00 00
0x00007ffff3b3e119:   00 4c 89 b4 24 a8 00 00 00 48 8b 45 c0 41 8b cd
0x00007ffff3b3e129:   48 8b 34 c8 8b 46 2c 25 ff 1f 00 00 3d 04 10 00
0x00007ffff3b3e139:   00 0f 85 a7 00 00 00 bb 01 00 00 00 39 5e 18 76
0x00007ffff3b3e149:   39 66 0f 1f 44 00 00 48 8b 46 08 8b cb 48 8b 14
0x00007ffff3b3e159:   c8 48 85 d2 74 1d 48 83 7a 10 00 74 16 80 7a 2c
0x00007ffff3b3e169:   84 74 10 e8 7f 7e ee ff 48 8b d0 49 8b cf e8 a4
0x00007ffff3b3e179:   61 f6 ff ff c3 3b 5e 18 72 cd 48 8b 5e 10 8b 46
0x00007ffff3b3e189:   20 4c 8d 34 c3 49 3b de 73 54 48 8b 3b 8b 47 2c
0x00007ffff3b3e199:   83 e0 03 3c 03 75 2e 48 8b 07 48 8b cf ff 90 88 


Stack slot to memory mapping:
stack at sp + 0 slots: 0x0000000000001ad4 is an unknown value
stack at sp + 1 slots: 0x0 is NULL
stack at sp + 2 slots: 0x000000c22d7fe600 is pointing into the stack for thread: 0x000002593a4d0590
stack at sp + 3 slots: 0x00007ffff3aa38d1 jvm.dll
stack at sp + 4 slots: 0x000002593a4c1d70 points into unknown readable memory: 0x0000025900000006 | 06 00 00 00 59 02 00 00
stack at sp + 5 slots: 0x00007fff00002000 is an unknown value
stack at sp + 6 slots: 0x000002595bbb7da0 points into unknown readable memory: 0x0000000000000000 | 00 00 00 00 00 00 00 00
stack at sp + 7 slots: 0x0000025900000000 is an unknown value


---------------  P R O C E S S  ---------------

Threads class SMR info:
_java_thread_list=0x000002595ad45a40, length=74, elements={
0x000002591c03ba30, 0x000002593a4b3ae0, 0x000002593a4b4870, 0x000002593a4c9a40,
0x000002593a4cb420, 0x000002593a4cbef0, 0x000002593a4ce8d0, 0x000002593a4d0590,
0x000002593a5e1b00, 0x000002593a653790, 0x000002593a715b80, 0x000002593a716fc0,
0x000002593a7174d0, 0x000002593a716090, 0x000002593a718400, 0x000002595a160d90,
0x000002595a15c1a0, 0x000002595a15b780, 0x000002595a15f950, 0x000002595a160880,
0x000002595a15daf0, 0x000002595a15a340, 0x000002595a15ea20, 0x000002595a15a850,
0x000002595a15ef30, 0x000002595a15bc90, 0x000002595a160370, 0x000002595a15ad60,
0x000002595a15b270, 0x000002595d6ed1c0, 0x000002595d0f19d0, 0x000002595d0eec40,
0x000002595d60db80, 0x000002595d60d670, 0x000002595d606710, 0x000002595d83ad90,
0x000002595d839e60, 0x000002595d83c1d0, 0x000002595d840dc0, 0x000002595d83a370,
0x000002595d83f470, 0x000002595d8412d0, 0x000002595d83a880, 0x000002595d83c6e0,
0x000002595d83f980, 0x000002595d83db20, 0x000002595d8408b0, 0x000002595d83d610,
0x000002595d83b2a0, 0x000002595d83e030, 0x000002595d83b7b0, 0x000002595d83bcc0,
0x000002595d8403a0, 0x000002595d83ea50, 0x000002595d83cbf0, 0x000002595d83d100,
0x000002595d83ef60, 0x000002595d83fe90, 0x000002595d83e540, 0x000002595d6e80c0,
0x000002595d6ea940, 0x000002595d6ef020, 0x000002595d6e7bb0, 0x000002595d6edbe0,
0x000002595d6ee600, 0x000002595d6eb870, 0x000002595d6ec290, 0x000002595d6eeb10,
0x000002595d6ef530, 0x000002595d6ee0f0, 0x000002595d6e9a10, 0x000002595d6e85d0,
0x000002595d6eccb0, 0x000002595d6e9f20
}

Java Threads: ( => current thread )
  0x000002591c03ba30 JavaThread "main" [_thread_blocked, id=14732, stack(0x000000c22ca00000,0x000000c22cb00000)]
  0x000002593a4b3ae0 JavaThread "Reference Handler" daemon [_thread_blocked, id=10988, stack(0x000000c22d100000,0x000000c22d200000)]
  0x000002593a4b4870 JavaThread "Finalizer" daemon [_thread_blocked, id=16156, stack(0x000000c22d200000,0x000000c22d300000)]
  0x000002593a4c9a40 JavaThread "Signal Dispatcher" daemon [_thread_blocked, id=7920, stack(0x000000c22d300000,0x000000c22d400000)]
  0x000002593a4cb420 JavaThread "Attach Listener" daemon [_thread_blocked, id=8396, stack(0x000000c22d400000,0x000000c22d500000)]
  0x000002593a4cbef0 JavaThread "Service Thread" daemon [_thread_blocked, id=4948, stack(0x000000c22d500000,0x000000c22d600000)]
  0x000002593a4ce8d0 JavaThread "Monitor Deflation Thread" daemon [_thread_blocked, id=5884, stack(0x000000c22d600000,0x000000c22d700000)]
=>0x000002593a4d0590 JavaThread "C2 CompilerThread0" daemon [_thread_in_native, id=12824, stack(0x000000c22d700000,0x000000c22d800000)]
  0x000002593a5e1b00 JavaThread "C1 CompilerThread0" daemon [_thread_blocked, id=17228, stack(0x000000c22d800000,0x000000c22d900000)]
  0x000002593a653790 JavaThread "Sweeper thread" daemon [_thread_blocked, id=12652, stack(0x000000c22d900000,0x000000c22da00000)]
  0x000002593a715b80 JavaThread "Common-Cleaner" daemon [_thread_blocked, id=9608, stack(0x000000c22da00000,0x000000c22db00000)]
  0x000002593a716fc0 JavaThread "Notification Thread" daemon [_thread_blocked, id=1880, stack(0x000000c22db00000,0x000000c22dc00000)]
  0x000002593a7174d0 JavaThread "Daemon health stats" [_thread_blocked, id=12324, stack(0x000000c22e200000,0x000000c22e300000)]
  0x000002593a716090 JavaThread "Incoming local TCP Connector on port 52824" [_thread_in_native, id=1988, stack(0x000000c22e100000,0x000000c22e200000)]
  0x000002593a718400 JavaThread "Daemon periodic checks" [_thread_blocked, id=15400, stack(0x000000c22e300000,0x000000c22e400000)]
  0x000002595a160d90 JavaThread "Cache worker for journal cache (C:\Users\soban\.gradle\caches\journal-1)" [_thread_blocked, id=20208, stack(0x000000c22eb00000,0x000000c22ec00000)]
  0x000002595a15c1a0 JavaThread "File lock request listener" [_thread_in_native, id=16264, stack(0x000000c22ec00000,0x000000c22ed00000)]
  0x000002595a15b780 JavaThread "Cache worker for file hash cache (C:\Users\soban\.gradle\caches\8.0.1\fileHashes)" [_thread_blocked, id=17652, stack(0x000000c22ed00000,0x000000c22ee00000)]
  0x000002595a15f950 JavaThread "File watcher server" daemon [_thread_in_native, id=18788, stack(0x000000c22f200000,0x000000c22f300000)]
  0x000002595a160880 JavaThread "File watcher consumer" daemon [_thread_blocked, id=12968, stack(0x000000c22f300000,0x000000c22f400000)]
  0x000002595a15daf0 JavaThread "Cache worker for file content cache (C:\Users\soban\.gradle\caches\8.0.1\fileContent)" [_thread_blocked, id=4480, stack(0x000000c22f600000,0x000000c22f700000)]
  0x000002595a15a340 JavaThread "Cache worker for execution history cache (C:\Users\soban\.gradle\caches\8.0.1\executionHistory)" [_thread_blocked, id=14464, stack(0x000000c22fa00000,0x000000c22fb00000)]
  0x000002595a15ea20 JavaThread "jar transforms" [_thread_blocked, id=22812, stack(0x000000c22fb00000,0x000000c22fc00000)]
  0x000002595a15a850 JavaThread "jar transforms Thread 2" [_thread_blocked, id=16428, stack(0x000000c22fc00000,0x000000c22fd00000)]
  0x000002595a15ef30 JavaThread "jar transforms Thread 3" [_thread_blocked, id=22416, stack(0x000000c22ee00000,0x000000c22ef00000)]
  0x000002595a15bc90 JavaThread "jar transforms Thread 4" [_thread_blocked, id=2504, stack(0x000000c22fe00000,0x000000c22ff00000)]
  0x000002595a160370 JavaThread "Cache worker for kotlin-dsl (C:\Users\soban\.gradle\caches\8.0.1\kotlin-dsl)" [_thread_blocked, id=1324, stack(0x000000c22ff00000,0x000000c230000000)]
  0x000002595a15ad60 JavaThread "jar transforms Thread 5" [_thread_blocked, id=20576, stack(0x000000c230000000,0x000000c230100000)]
  0x000002595a15b270 JavaThread "jar transforms Thread 6" [_thread_blocked, id=3976, stack(0x000000c230100000,0x000000c230200000)]
  0x000002595d6ed1c0 JavaThread "jar transforms Thread 7" [_thread_blocked, id=23044, stack(0x000000c230400000,0x000000c230500000)]
  0x000002595d0f19d0 JavaThread "jar transforms Thread 8" [_thread_blocked, id=13912, stack(0x000000c231f00000,0x000000c232000000)]
  0x000002595d0eec40 JavaThread "Memory manager" [_thread_blocked, id=23180, stack(0x000000c232000000,0x000000c232100000)]
  0x000002595d60db80 JavaThread "Monitor" [_thread_in_native, id=11948, stack(0x000000c236300000,0x000000c236400000)]
  0x000002595d60d670 JavaThread "JdwpProxyConnection" [_thread_in_native, id=22748, stack(0x000000c236400000,0x000000c236500000)]
  0x000002595d606710 JavaThread "Device List Monitor" [_thread_in_native, id=11716, stack(0x000000c236500000,0x000000c236600000)]
  0x000002595d83ad90 JavaThread "Daemon Thread 2" [_thread_blocked, id=8612, stack(0x000000c22c700000,0x000000c22c800000)]
  0x000002595d839e60 JavaThread "Handler for socket connection from /127.0.0.1:52824 to /127.0.0.1:53157" [_thread_in_native, id=17872, stack(0x000000c22c800000,0x000000c22c900000)]
  0x000002595d83c1d0 JavaThread "Cancel handler" [_thread_blocked, id=19276, stack(0x000000c22c900000,0x000000c22ca00000)]
  0x000002595d840dc0 JavaThread "Daemon worker Thread 2" [_thread_in_Java, id=12476, stack(0x000000c22e400000,0x000000c22e500000)]
  0x000002595d83a370 JavaThread "Asynchronous log dispatcher for DefaultDaemonConnection: socket connection from /127.0.0.1:52824 to /127.0.0.1:53157" [_thread_blocked, id=22256, stack(0x000000c22e500000,0x000000c22e600000)]
  0x000002595d83f470 JavaThread "Stdin handler" [_thread_blocked, id=17220, stack(0x000000c22e600000,0x000000c22e700000)]
  0x000002595d8412d0 JavaThread "Daemon client event forwarder" [_thread_blocked, id=1124, stack(0x000000c22e700000,0x000000c22e800000)]
  0x000002595d83a880 JavaThread "Cache worker for checksums cache (C:\Users\soban\Desktop\Question1\question_three\android\.gradle\8.0.1\checksums)" [_thread_blocked, id=22252, stack(0x000000c22e900000,0x000000c22ea00000)]
  0x000002595d83c6e0 JavaThread "Cache worker for cache directory md-rule (C:\Users\soban\.gradle\caches\8.0.1\md-rule)" [_thread_blocked, id=6072, stack(0x000000c22ea00000,0x000000c22eb00000)]
  0x000002595d83f980 JavaThread "Cache worker for file hash cache (C:\Users\soban\Desktop\Question1\question_three\android\.gradle\8.0.1\fileHashes)" [_thread_blocked, id=1544, stack(0x000000c22f400000,0x000000c22f500000)]
  0x000002595d83db20 JavaThread "Cache worker for cache directory md-supplier (C:\Users\soban\.gradle\caches\8.0.1\md-supplier)" [_thread_blocked, id=17448, stack(0x000000c22f500000,0x000000c22f600000)]
  0x000002595d8408b0 JavaThread "Cache worker for dependencies-accessors (C:\Users\soban\Desktop\Question1\question_three\android\.gradle\8.0.1\dependencies-accessors)" [_thread_blocked, id=21832, stack(0x000000c22e800000,0x000000c22e900000)]
  0x000002595d83d610 JavaThread "Cache worker for Build Output Cleanup Cache (C:\Users\soban\Desktop\Question1\question_three\node_modules\@react-native\gradle-plugin\.gradle\buildOutputCleanup)" [_thread_blocked, id=12296, stack(0x000000c22f700000,0x000000c22f800000)]
  0x000002595d83b2a0 JavaThread "Unconstrained build operations" [_thread_blocked, id=18344, stack(0x000000c22f800000,0x000000c22f900000)]
  0x000002595d83e030 JavaThread "Unconstrained build operations Thread 2" [_thread_blocked, id=17224, stack(0x000000c22fd00000,0x000000c22fe00000)]
  0x000002595d83b7b0 JavaThread "Unconstrained build operations Thread 3" [_thread_blocked, id=17828, stack(0x000000c230200000,0x000000c230300000)]
  0x000002595d83bcc0 JavaThread "Unconstrained build operations Thread 4" [_thread_blocked, id=10924, stack(0x000000c230300000,0x000000c230400000)]
  0x000002595d8403a0 JavaThread "Unconstrained build operations Thread 5" [_thread_blocked, id=18984, stack(0x000000c230500000,0x000000c230600000)]
  0x000002595d83ea50 JavaThread "Unconstrained build operations Thread 6" [_thread_blocked, id=6164, stack(0x000000c230600000,0x000000c230700000)]
  0x000002595d83cbf0 JavaThread "Unconstrained build operations Thread 7" [_thread_blocked, id=4192, stack(0x000000c230700000,0x000000c230800000)]
  0x000002595d83d100 JavaThread "Unconstrained build operations Thread 8" [_thread_blocked, id=15528, stack(0x000000c230800000,0x000000c230900000)]
  0x000002595d83ef60 JavaThread "Unconstrained build operations Thread 9" [_thread_blocked, id=2248, stack(0x000000c230900000,0x000000c230a00000)]
  0x000002595d83fe90 JavaThread "Unconstrained build operations Thread 10" [_thread_blocked, id=22752, stack(0x000000c230a00000,0x000000c230b00000)]
  0x000002595d83e540 JavaThread "Unconstrained build operations Thread 11" [_thread_blocked, id=22360, stack(0x000000c230b00000,0x000000c230c00000)]
  0x000002595d6e80c0 JavaThread "Unconstrained build operations Thread 12" [_thread_blocked, id=3740, stack(0x000000c230c00000,0x000000c230d00000)]
  0x000002595d6ea940 JavaThread "Unconstrained build operations Thread 13" [_thread_blocked, id=8152, stack(0x000000c230d00000,0x000000c230e00000)]
  0x000002595d6ef020 JavaThread "Unconstrained build operations Thread 14" [_thread_blocked, id=20956, stack(0x000000c230e00000,0x000000c230f00000)]
  0x000002595d6e7bb0 JavaThread "Unconstrained build operations Thread 15" [_thread_blocked, id=7676, stack(0x000000c230f00000,0x000000c231000000)]
  0x000002595d6edbe0 JavaThread "Unconstrained build operations Thread 16" [_thread_blocked, id=1264, stack(0x000000c231000000,0x000000c231100000)]
  0x000002595d6ee600 JavaThread "Unconstrained build operations Thread 17" [_thread_blocked, id=6048, stack(0x000000c231100000,0x000000c231200000)]
  0x000002595d6eb870 JavaThread "Unconstrained build operations Thread 18" [_thread_blocked, id=20028, stack(0x000000c231200000,0x000000c231300000)]
  0x000002595d6ec290 JavaThread "Unconstrained build operations Thread 19" [_thread_blocked, id=5396, stack(0x000000c231300000,0x000000c231400000)]
  0x000002595d6eeb10 JavaThread "Unconstrained build operations Thread 20" [_thread_blocked, id=20792, stack(0x000000c231400000,0x000000c231500000)]
  0x000002595d6ef530 JavaThread "Unconstrained build operations Thread 21" [_thread_blocked, id=16044, stack(0x000000c231500000,0x000000c231600000)]
  0x000002595d6ee0f0 JavaThread "Unconstrained build operations Thread 22" [_thread_blocked, id=5684, stack(0x000000c231600000,0x000000c231700000)]
  0x000002595d6e9a10 JavaThread "Unconstrained build operations Thread 23" [_thread_blocked, id=18684, stack(0x000000c231700000,0x000000c231800000)]
  0x000002595d6e85d0 JavaThread "Unconstrained build operations Thread 24" [_thread_blocked, id=14884, stack(0x000000c231800000,0x000000c231900000)]
  0x000002595d6eccb0 JavaThread "Unconstrained build operations Thread 25" [_thread_blocked, id=12140, stack(0x000000c231900000,0x000000c231a00000)]
  0x000002595d6e9f20 JavaThread "Unconstrained build operations Thread 26" [_thread_blocked, id=15404, stack(0x000000c231a00000,0x000000c231b00000)]

Other Threads:
  0x000002593a4b0020 VMThread "VM Thread" [stack: 0x000000c22d000000,0x000000c22d100000] [id=23492]
  0x000002591c0c6230 WatcherThread [stack: 0x000000c22dc00000,0x000000c22dd00000] [id=13428]
  0x000002591c097f70 GCTaskThread "GC Thread#0" [stack: 0x000000c22cb00000,0x000000c22cc00000] [id=20828]
  0x000002593a9d3c70 GCTaskThread "GC Thread#1" [stack: 0x000000c22de00000,0x000000c22df00000] [id=15904]
  0x000002595ad8e950 GCTaskThread "GC Thread#2" [stack: 0x000000c22df00000,0x000000c22e000000] [id=10740]
  0x000002595ac59ee0 GCTaskThread "GC Thread#3" [stack: 0x000000c22e000000,0x000000c22e100000] [id=20732]
  0x000002595b25eb80 GCTaskThread "GC Thread#4" [stack: 0x000000c22dd00000,0x000000c22de00000] [id=12964]
  0x000002595b6aefd0 GCTaskThread "GC Thread#5" [stack: 0x000000c22ef00000,0x000000c22f000000] [id=18384]
  0x000002595c21ef90 GCTaskThread "GC Thread#6" [stack: 0x000000c22f000000,0x000000c22f100000] [id=13624]
  0x000002595c09adb0 GCTaskThread "GC Thread#7" [stack: 0x000000c22f100000,0x000000c22f200000] [id=14816]
  0x000002591c0a8dd0 ConcurrentGCThread "G1 Main Marker" [stack: 0x000000c22cc00000,0x000000c22cd00000] [id=16968]
  0x000002591c0a96f0 ConcurrentGCThread "G1 Conc#0" [stack: 0x000000c22cd00000,0x000000c22ce00000] [id=7476]
  0x000002595bbb7ad0 ConcurrentGCThread "G1 Conc#1" [stack: 0x000000c22f900000,0x000000c22fa00000] [id=18024]
  0x000002591c0ee9d0 ConcurrentGCThread "G1 Refine#0" [stack: 0x000000c22ce00000,0x000000c22cf00000] [id=12008]
  0x000002593a31c500 ConcurrentGCThread "G1 Service" [stack: 0x000000c22cf00000,0x000000c22d000000] [id=13472]

Threads with active compile tasks:
C2 CompilerThread0   539003 15827   !   4       org.gradle.cache.internal.DefaultMultiProcessSafePersistentIndexedCache::getIfPresent (25 bytes)

VM state: not at safepoint (normal execution)

VM Mutex/Monitor currently owned by a thread: None

Heap address: 0x0000000080000000, size: 2048 MB, Compressed Oops mode: 32-bit

CDS archive(s) mapped at: [0x000002593b000000-0x000002593bbd0000-0x000002593bbd0000), size 12386304, SharedBaseAddress: 0x000002593b000000, ArchiveRelocationMode: 1.
Compressed class space mapped at: 0x000002593c000000-0x0000025956000000, reserved size: 436207616
Narrow klass base: 0x000002593b000000, Narrow klass shift: 0, Narrow klass range: 0x100000000

GC Precious Log:
 CPUs: 8 total, 8 available
 Memory: 7863M
 Large Page Support: Disabled
 NUMA Support: Disabled
 Compressed Oops: Enabled (32-bit)
 Heap Region Size: 1M
 Heap Min Capacity: 8M
 Heap Initial Capacity: 124M
 Heap Max Capacity: 2G
 Pre-touch: Disabled
 Parallel Workers: 8
 Concurrent Workers: 2
 Concurrent Refinement Workers: 8
 Periodic GC: Disabled

Heap:
 garbage-first heap   total 258048K, used 208895K [0x0000000080000000, 0x0000000100000000)
  region size 1024K, 46 young (47104K), 7 survivors (7168K)
 Metaspace       used 100319K, committed 101248K, reserved 557056K
  class space    used 13685K, committed 14144K, reserved 425984K

Heap Regions: E=young(eden), S=young(survivor), O=old, HS=humongous(starts), HC=humongous(continues), CS=collection set, F=free, OA=open archive, CA=closed archive, TAMS=top-at-mark-start (previous, next)
|   0|0x0000000080000000, 0x0000000080100000, 0x0000000080100000|100%|HS|  |TAMS 0x0000000080100000, 0x0000000080000000| Complete 
|   1|0x0000000080100000, 0x0000000080200000, 0x0000000080200000|100%|HC|  |TAMS 0x0000000080200000, 0x0000000080100000| Complete 
|   2|0x0000000080200000, 0x0000000080300000, 0x0000000080300000|100%|HC|  |TAMS 0x0000000080300000, 0x0000000080200000| Complete 
|   3|0x0000000080300000, 0x0000000080400000, 0x0000000080400000|100%|HC|  |TAMS 0x0000000080400000, 0x0000000080300000| Complete 
|   4|0x0000000080400000, 0x0000000080500000, 0x0000000080500000|100%| O|  |TAMS 0x0000000080500000, 0x0000000080400000| Untracked 
|   5|0x0000000080500000, 0x0000000080600000, 0x0000000080600000|100%| O|  |TAMS 0x0000000080600000, 0x0000000080500000| Untracked 
|   6|0x0000000080600000, 0x0000000080700000, 0x0000000080700000|100%| O|  |TAMS 0x0000000080700000, 0x0000000080600000| Untracked 
|   7|0x0000000080700000, 0x0000000080800000, 0x0000000080800000|100%| O|  |TAMS 0x0000000080800000, 0x0000000080700000| Untracked 
|   8|0x0000000080800000, 0x0000000080900000, 0x0000000080900000|100%| O|  |TAMS 0x0000000080900000, 0x0000000080800000| Untracked 
|   9|0x0000000080900000, 0x0000000080a00000, 0x0000000080a00000|100%| O|  |TAMS 0x0000000080a00000, 0x0000000080900000| Untracked 
|  10|0x0000000080a00000, 0x0000000080b00000, 0x0000000080b00000|100%| O|  |TAMS 0x0000000080b00000, 0x0000000080a00000| Untracked 
|  11|0x0000000080b00000, 0x0000000080c00000, 0x0000000080c00000|100%| O|  |TAMS 0x0000000080c00000, 0x0000000080b00000| Untracked 
|  12|0x0000000080c00000, 0x0000000080d00000, 0x0000000080d00000|100%| O|  |TAMS 0x0000000080d00000, 0x0000000080c00000| Untracked 
|  13|0x0000000080d00000, 0x0000000080e00000, 0x0000000080e00000|100%| O|  |TAMS 0x0000000080e00000, 0x0000000080d00000| Untracked 
|  14|0x0000000080e00000, 0x0000000080f00000, 0x0000000080f00000|100%| O|  |TAMS 0x0000000080f00000, 0x0000000080e00000| Untracked 
|  15|0x0000000080f00000, 0x0000000081000000, 0x0000000081000000|100%| O|  |TAMS 0x0000000081000000, 0x0000000080f00000| Untracked 
|  16|0x0000000081000000, 0x0000000081100000, 0x0000000081100000|100%| O|  |TAMS 0x0000000081100000, 0x0000000081000000| Untracked 
|  17|0x0000000081100000, 0x0000000081200000, 0x0000000081200000|100%| O|  |TAMS 0x0000000081200000, 0x0000000081100000| Untracked 
|  18|0x0000000081200000, 0x0000000081300000, 0x0000000081300000|100%| O|  |TAMS 0x0000000081300000, 0x0000000081200000| Untracked 
|  19|0x0000000081300000, 0x0000000081400000, 0x0000000081400000|100%| O|  |TAMS 0x0000000081400000, 0x0000000081300000| Untracked 
|  20|0x0000000081400000, 0x0000000081500000, 0x0000000081500000|100%| O|  |TAMS 0x0000000081500000, 0x0000000081400000| Untracked 
|  21|0x0000000081500000, 0x0000000081600000, 0x0000000081600000|100%| O|  |TAMS 0x0000000081600000, 0x0000000081500000| Untracked 
|  22|0x0000000081600000, 0x0000000081700000, 0x0000000081700000|100%|HS|  |TAMS 0x0000000081700000, 0x0000000081600000| Complete 
|  23|0x0000000081700000, 0x0000000081800000, 0x0000000081800000|100%| O|  |TAMS 0x0000000081800000, 0x0000000081700000| Untracked 
|  24|0x0000000081800000, 0x0000000081900000, 0x0000000081900000|100%| O|  |TAMS 0x0000000081900000, 0x0000000081800000| Untracked 
|  25|0x0000000081900000, 0x0000000081a00000, 0x0000000081a00000|100%| O|  |TAMS 0x0000000081a00000, 0x0000000081900000| Untracked 
|  26|0x0000000081a00000, 0x0000000081b00000, 0x0000000081b00000|100%| O|  |TAMS 0x0000000081b00000, 0x0000000081a00000| Untracked 
|  27|0x0000000081b00000, 0x0000000081c00000, 0x0000000081c00000|100%| O|  |TAMS 0x0000000081c00000, 0x0000000081b00000| Untracked 
|  28|0x0000000081c00000, 0x0000000081d00000, 0x0000000081d00000|100%| O|  |TAMS 0x0000000081d00000, 0x0000000081c00000| Untracked 
|  29|0x0000000081d00000, 0x0000000081e00000, 0x0000000081e00000|100%| O|  |TAMS 0x0000000081e00000, 0x0000000081d00000| Untracked 
|  30|0x0000000081e00000, 0x0000000081effff8, 0x0000000081f00000| 99%| O|  |TAMS 0x0000000081effff8, 0x0000000081e00000| Untracked 
|  31|0x0000000081f00000, 0x0000000082000000, 0x0000000082000000|100%| O|  |TAMS 0x0000000082000000, 0x0000000081f00000| Untracked 
|  32|0x0000000082000000, 0x0000000082100000, 0x0000000082100000|100%| O|  |TAMS 0x0000000082100000, 0x0000000082000000| Untracked 
|  33|0x0000000082100000, 0x0000000082200000, 0x0000000082200000|100%| O|  |TAMS 0x0000000082200000, 0x0000000082100000| Untracked 
|  34|0x0000000082200000, 0x0000000082300000, 0x0000000082300000|100%| O|  |TAMS 0x0000000082300000, 0x0000000082200000| Untracked 
|  35|0x0000000082300000, 0x0000000082400000, 0x0000000082400000|100%| O|  |TAMS 0x0000000082400000, 0x0000000082300000| Untracked 
|  36|0x0000000082400000, 0x0000000082500000, 0x0000000082500000|100%| O|  |TAMS 0x0000000082500000, 0x0000000082400000| Untracked 
|  37|0x0000000082500000, 0x0000000082600000, 0x0000000082600000|100%| O|  |TAMS 0x0000000082600000, 0x0000000082500000| Untracked 
|  38|0x0000000082600000, 0x0000000082700000, 0x0000000082700000|100%|HS|  |TAMS 0x0000000082700000, 0x0000000082600000| Complete 
|  39|0x0000000082700000, 0x0000000082800000, 0x0000000082800000|100%|HC|  |TAMS 0x0000000082800000, 0x0000000082700000| Complete 
|  40|0x0000000082800000, 0x0000000082900000, 0x0000000082900000|100%|HS|  |TAMS 0x0000000082900000, 0x0000000082800000| Complete 
|  41|0x0000000082900000, 0x0000000082a00000, 0x0000000082a00000|100%|HC|  |TAMS 0x0000000082a00000, 0x0000000082900000| Complete 
|  42|0x0000000082a00000, 0x0000000082b00000, 0x0000000082b00000|100%|HC|  |TAMS 0x0000000082b00000, 0x0000000082a00000| Complete 
|  43|0x0000000082b00000, 0x0000000082c00000, 0x0000000082c00000|100%|HC|  |TAMS 0x0000000082c00000, 0x0000000082b00000| Complete 
|  44|0x0000000082c00000, 0x0000000082d00000, 0x0000000082d00000|100%| O|  |TAMS 0x0000000082d00000, 0x0000000082c00000| Untracked 
|  45|0x0000000082d00000, 0x0000000082e00000, 0x0000000082e00000|100%| O|  |TAMS 0x0000000082e00000, 0x0000000082d00000| Untracked 
|  46|0x0000000082e00000, 0x0000000082f00000, 0x0000000082f00000|100%| O|  |TAMS 0x0000000082f00000, 0x0000000082e00000| Untracked 
|  47|0x0000000082f00000, 0x0000000083000000, 0x0000000083000000|100%| O|  |TAMS 0x0000000083000000, 0x0000000082f00000| Untracked 
|  48|0x0000000083000000, 0x0000000083100000, 0x0000000083100000|100%| O|  |TAMS 0x0000000083100000, 0x0000000083000000| Untracked 
|  49|0x0000000083100000, 0x0000000083200000, 0x0000000083200000|100%|HS|  |TAMS 0x0000000083200000, 0x0000000083100000| Complete 
|  50|0x0000000083200000, 0x0000000083300000, 0x0000000083300000|100%| O|  |TAMS 0x0000000083300000, 0x0000000083200000| Untracked 
|  51|0x0000000083300000, 0x0000000083400000, 0x0000000083400000|100%| O|  |TAMS 0x0000000083400000, 0x0000000083300000| Untracked 
|  52|0x0000000083400000, 0x0000000083500000, 0x0000000083500000|100%| O|  |TAMS 0x0000000083500000, 0x0000000083400000| Untracked 
|  53|0x0000000083500000, 0x0000000083600000, 0x0000000083600000|100%| O|  |TAMS 0x0000000083600000, 0x0000000083500000| Untracked 
|  54|0x0000000083600000, 0x0000000083700000, 0x0000000083700000|100%| O|  |TAMS 0x0000000083700000, 0x0000000083600000| Untracked 
|  55|0x0000000083700000, 0x0000000083800000, 0x0000000083800000|100%| O|  |TAMS 0x0000000083800000, 0x0000000083700000| Untracked 
|  56|0x0000000083800000, 0x0000000083900000, 0x0000000083900000|100%| O|  |TAMS 0x0000000083900000, 0x0000000083800000| Untracked 
|  57|0x0000000083900000, 0x0000000083a00000, 0x0000000083a00000|100%| O|  |TAMS 0x0000000083a00000, 0x0000000083900000| Untracked 
|  58|0x0000000083a00000, 0x0000000083b00000, 0x0000000083b00000|100%| O|  |TAMS 0x0000000083b00000, 0x0000000083a00000| Untracked 
|  59|0x0000000083b00000, 0x0000000083c00000, 0x0000000083c00000|100%| O|  |TAMS 0x0000000083c00000, 0x0000000083b00000| Untracked 
|  60|0x0000000083c00000, 0x0000000083d00000, 0x0000000083d00000|100%| O|  |TAMS 0x0000000083d00000, 0x0000000083c00000| Untracked 
|  61|0x0000000083d00000, 0x0000000083e00000, 0x0000000083e00000|100%| O|  |TAMS 0x0000000083e00000, 0x0000000083d00000| Untracked 
|  62|0x0000000083e00000, 0x0000000083f00000, 0x0000000083f00000|100%| O|  |TAMS 0x0000000083f00000, 0x0000000083e00000| Untracked 
|  63|0x0000000083f00000, 0x0000000084000000, 0x0000000084000000|100%| O|  |TAMS 0x0000000084000000, 0x0000000083f00000| Untracked 
|  64|0x0000000084000000, 0x0000000084100000, 0x0000000084100000|100%| O|  |TAMS 0x0000000084100000, 0x0000000084000000| Untracked 
|  65|0x0000000084100000, 0x0000000084200000, 0x0000000084200000|100%| O|  |TAMS 0x0000000084200000, 0x0000000084100000| Untracked 
|  66|0x0000000084200000, 0x0000000084300000, 0x0000000084300000|100%| O|  |TAMS 0x0000000084300000, 0x0000000084200000| Untracked 
|  67|0x0000000084300000, 0x0000000084400000, 0x0000000084400000|100%| O|  |TAMS 0x0000000084400000, 0x0000000084300000| Untracked 
|  68|0x0000000084400000, 0x0000000084500000, 0x0000000084500000|100%| O|  |TAMS 0x0000000084500000, 0x0000000084400000| Untracked 
|  69|0x0000000084500000, 0x0000000084600000, 0x0000000084600000|100%| O|  |TAMS 0x0000000084600000, 0x0000000084500000| Untracked 
|  70|0x0000000084600000, 0x0000000084700000, 0x0000000084700000|100%| O|  |TAMS 0x0000000084700000, 0x0000000084600000| Untracked 
|  71|0x0000000084700000, 0x0000000084800000, 0x0000000084800000|100%| O|  |TAMS 0x0000000084700000, 0x0000000084700000| Untracked 
|  72|0x0000000084800000, 0x0000000084900000, 0x0000000084900000|100%|HS|  |TAMS 0x0000000084900000, 0x0000000084800000| Complete 
|  73|0x0000000084900000, 0x0000000084a00000, 0x0000000084a00000|100%|HS|  |TAMS 0x0000000084a00000, 0x0000000084900000| Complete 
|  74|0x0000000084a00000, 0x0000000084b00000, 0x0000000084b00000|100%|HS|  |TAMS 0x0000000084b00000, 0x0000000084a00000| Complete 
|  75|0x0000000084b00000, 0x0000000084c00000, 0x0000000084c00000|100%|HS|  |TAMS 0x0000000084c00000, 0x0000000084b00000| Complete 
|  76|0x0000000084c00000, 0x0000000084d00000, 0x0000000084d00000|100%|HC|  |TAMS 0x0000000084d00000, 0x0000000084c00000| Complete 
|  77|0x0000000084d00000, 0x0000000084e00000, 0x0000000084e00000|100%|HC|  |TAMS 0x0000000084e00000, 0x0000000084d00000| Complete 
|  78|0x0000000084e00000, 0x0000000084f00000, 0x0000000084f00000|100%| O|  |TAMS 0x0000000084f00000, 0x0000000084e00000| Untracked 
|  79|0x0000000084f00000, 0x0000000085000000, 0x0000000085000000|100%|HS|  |TAMS 0x0000000085000000, 0x0000000084f00000| Complete 
|  80|0x0000000085000000, 0x0000000085100000, 0x0000000085100000|100%|HC|  |TAMS 0x0000000085100000, 0x0000000085000000| Complete 
|  81|0x0000000085100000, 0x0000000085200000, 0x0000000085200000|100%| O|  |TAMS 0x0000000085200000, 0x0000000085100000| Untracked 
|  82|0x0000000085200000, 0x0000000085300000, 0x0000000085300000|100%| O|  |TAMS 0x0000000085300000, 0x0000000085200000| Untracked 
|  83|0x0000000085300000, 0x0000000085400000, 0x0000000085400000|100%| O|  |TAMS 0x0000000085400000, 0x0000000085300000| Untracked 
|  84|0x0000000085400000, 0x0000000085500000, 0x0000000085500000|100%| O|  |TAMS 0x0000000085500000, 0x0000000085400000| Untracked 
|  85|0x0000000085500000, 0x0000000085600000, 0x0000000085600000|100%| O|  |TAMS 0x0000000085600000, 0x0000000085500000| Untracked 
|  86|0x0000000085600000, 0x0000000085700000, 0x0000000085700000|100%| O|  |TAMS 0x0000000085700000, 0x0000000085600000| Untracked 
|  87|0x0000000085700000, 0x0000000085800000, 0x0000000085800000|100%| O|  |TAMS 0x0000000085800000, 0x0000000085700000| Untracked 
|  88|0x0000000085800000, 0x0000000085900000, 0x0000000085900000|100%| O|  |TAMS 0x0000000085900000, 0x0000000085800000| Untracked 
|  89|0x0000000085900000, 0x0000000085a00000, 0x0000000085a00000|100%| O|  |TAMS 0x0000000085a00000, 0x0000000085900000| Untracked 
|  90|0x0000000085a00000, 0x0000000085b00000, 0x0000000085b00000|100%| O|  |TAMS 0x0000000085b00000, 0x0000000085a00000| Untracked 
|  91|0x0000000085b00000, 0x0000000085c00000, 0x0000000085c00000|100%| O|  |TAMS 0x0000000085c00000, 0x0000000085b00000| Untracked 
|  92|0x0000000085c00000, 0x0000000085d00000, 0x0000000085d00000|100%| O|  |TAMS 0x0000000085d00000, 0x0000000085c00000| Untracked 
|  93|0x0000000085d00000, 0x0000000085e00000, 0x0000000085e00000|100%| O|  |TAMS 0x0000000085e00000, 0x0000000085d00000| Untracked 
|  94|0x0000000085e00000, 0x0000000085f00000, 0x0000000085f00000|100%| O|  |TAMS 0x0000000085f00000, 0x0000000085e00000| Untracked 
|  95|0x0000000085f00000, 0x0000000086000000, 0x0000000086000000|100%| O|  |TAMS 0x0000000085f00000, 0x0000000085f00000| Untracked 
|  96|0x0000000086000000, 0x0000000086100000, 0x0000000086100000|100%|HS|  |TAMS 0x0000000086100000, 0x0000000086000000| Complete 
|  97|0x0000000086100000, 0x0000000086200000, 0x0000000086200000|100%|HC|  |TAMS 0x0000000086200000, 0x0000000086100000| Complete 
|  98|0x0000000086200000, 0x0000000086300000, 0x0000000086300000|100%|HS|  |TAMS 0x0000000086300000, 0x0000000086200000| Complete 
|  99|0x0000000086300000, 0x0000000086400000, 0x0000000086400000|100%|HS|  |TAMS 0x0000000086400000, 0x0000000086300000| Complete 
| 100|0x0000000086400000, 0x0000000086500000, 0x0000000086500000|100%|HC|  |TAMS 0x0000000086500000, 0x0000000086400000| Complete 
| 101|0x0000000086500000, 0x0000000086600000, 0x0000000086600000|100%|HC|  |TAMS 0x0000000086600000, 0x0000000086500000| Complete 
| 102|0x0000000086600000, 0x0000000086700000, 0x0000000086700000|100%|HC|  |TAMS 0x0000000086700000, 0x0000000086600000| Complete 
| 103|0x0000000086700000, 0x0000000086800000, 0x0000000086800000|100%| O|  |TAMS 0x0000000086800000, 0x0000000086700000| Untracked 
| 104|0x0000000086800000, 0x0000000086900000, 0x0000000086900000|100%| O|  |TAMS 0x0000000086900000, 0x0000000086800000| Untracked 
| 105|0x0000000086900000, 0x0000000086a00000, 0x0000000086a00000|100%| O|  |TAMS 0x0000000086a00000, 0x0000000086900000| Untracked 
| 106|0x0000000086a00000, 0x0000000086b00000, 0x0000000086b00000|100%| O|  |TAMS 0x0000000086b00000, 0x0000000086a00000| Untracked 
| 107|0x0000000086b00000, 0x0000000086c00000, 0x0000000086c00000|100%| O|  |TAMS 0x0000000086c00000, 0x0000000086b00000| Untracked 
| 108|0x0000000086c00000, 0x0000000086d00000, 0x0000000086d00000|100%| O|  |TAMS 0x0000000086d00000, 0x0000000086c00000| Untracked 
| 109|0x0000000086d00000, 0x0000000086e00000, 0x0000000086e00000|100%| O|  |TAMS 0x0000000086d00000, 0x0000000086d00000| Untracked 
| 110|0x0000000086e00000, 0x0000000086f00000, 0x0000000086f00000|100%| O|  |TAMS 0x0000000086f00000, 0x0000000086e00000| Untracked 
| 111|0x0000000086f00000, 0x0000000087000000, 0x0000000087000000|100%| O|  |TAMS 0x0000000087000000, 0x0000000086f00000| Untracked 
| 112|0x0000000087000000, 0x0000000087100000, 0x0000000087100000|100%| O|  |TAMS 0x0000000087100000, 0x0000000087000000| Untracked 
| 113|0x0000000087100000, 0x0000000087200000, 0x0000000087200000|100%| O|  |TAMS 0x0000000087200000, 0x0000000087100000| Untracked 
| 114|0x0000000087200000, 0x0000000087300000, 0x0000000087300000|100%| O|  |TAMS 0x0000000087300000, 0x0000000087200000| Untracked 
| 115|0x0000000087300000, 0x0000000087400000, 0x0000000087400000|100%| O|  |TAMS 0x0000000087400000, 0x0000000087300000| Untracked 
| 116|0x0000000087400000, 0x0000000087500000, 0x0000000087500000|100%| O|  |TAMS 0x0000000087500000, 0x0000000087400000| Untracked 
| 117|0x0000000087500000, 0x0000000087600000, 0x0000000087600000|100%| O|  |TAMS 0x0000000087600000, 0x0000000087500000| Untracked 
| 118|0x0000000087600000, 0x0000000087700000, 0x0000000087700000|100%| O|  |TAMS 0x0000000087700000, 0x0000000087600000| Untracked 
| 119|0x0000000087700000, 0x0000000087800000, 0x0000000087800000|100%| O|  |TAMS 0x0000000087800000, 0x0000000087700000| Untracked 
| 120|0x0000000087800000, 0x0000000087900000, 0x0000000087900000|100%| O|  |TAMS 0x0000000087900000, 0x0000000087800000| Untracked 
| 121|0x0000000087900000, 0x0000000087a00000, 0x0000000087a00000|100%| O|  |TAMS 0x0000000087a00000, 0x0000000087900000| Untracked 
| 122|0x0000000087a00000, 0x0000000087b00000, 0x0000000087b00000|100%| O|  |TAMS 0x0000000087b00000, 0x0000000087a00000| Untracked 
| 123|0x0000000087b00000, 0x0000000087c00000, 0x0000000087c00000|100%| O|  |TAMS 0x0000000087c00000, 0x0000000087b00000| Untracked 
| 124|0x0000000087c00000, 0x0000000087d00000, 0x0000000087d00000|100%| O|  |TAMS 0x0000000087ca4000, 0x0000000087c00000| Untracked 
| 125|0x0000000087d00000, 0x0000000087e00000, 0x0000000087e00000|100%| O|  |TAMS 0x0000000087d00000, 0x0000000087d00000| Untracked 
| 126|0x0000000087e00000, 0x0000000087f00000, 0x0000000087f00000|100%| O|  |TAMS 0x0000000087e00000, 0x0000000087e00000| Untracked 
| 127|0x0000000087f00000, 0x0000000088000000, 0x0000000088000000|100%| O|  |TAMS 0x0000000087f00000, 0x0000000087f00000| Untracked 
| 128|0x0000000088000000, 0x0000000088100000, 0x0000000088100000|100%| O|  |TAMS 0x0000000088000000, 0x0000000088000000| Untracked 
| 129|0x0000000088100000, 0x0000000088200000, 0x0000000088200000|100%| O|  |TAMS 0x0000000088100000, 0x0000000088100000| Untracked 
| 130|0x0000000088200000, 0x0000000088300000, 0x0000000088300000|100%| O|  |TAMS 0x0000000088200000, 0x0000000088200000| Untracked 
| 131|0x0000000088300000, 0x0000000088400000, 0x0000000088400000|100%| O|  |TAMS 0x0000000088300000, 0x0000000088300000| Untracked 
| 132|0x0000000088400000, 0x0000000088500000, 0x0000000088500000|100%| O|  |TAMS 0x0000000088400000, 0x0000000088400000| Untracked 
| 133|0x0000000088500000, 0x0000000088600000, 0x0000000088600000|100%| O|  |TAMS 0x0000000088500000, 0x0000000088500000| Untracked 
| 134|0x0000000088600000, 0x0000000088700000, 0x0000000088700000|100%| O|  |TAMS 0x0000000088600000, 0x0000000088600000| Untracked 
| 135|0x0000000088700000, 0x0000000088800000, 0x0000000088800000|100%| O|  |TAMS 0x0000000088700000, 0x0000000088700000| Untracked 
| 136|0x0000000088800000, 0x0000000088900000, 0x0000000088900000|100%| O|  |TAMS 0x0000000088800000, 0x0000000088800000| Untracked 
| 137|0x0000000088900000, 0x0000000088a00000, 0x0000000088a00000|100%| O|  |TAMS 0x0000000088900000, 0x0000000088900000| Untracked 
| 138|0x0000000088a00000, 0x0000000088b00000, 0x0000000088b00000|100%| O|  |TAMS 0x0000000088a00000, 0x0000000088a00000| Untracked 
| 139|0x0000000088b00000, 0x0000000088c00000, 0x0000000088c00000|100%| O|  |TAMS 0x0000000088b00000, 0x0000000088b00000| Untracked 
| 140|0x0000000088c00000, 0x0000000088c00000, 0x0000000088d00000|  0%| F|  |TAMS 0x0000000088c00000, 0x0000000088c00000| Untracked 
| 141|0x0000000088d00000, 0x0000000088d00000, 0x0000000088e00000|  0%| F|  |TAMS 0x0000000088d00000, 0x0000000088d00000| Untracked 
| 142|0x0000000088e00000, 0x0000000088e00000, 0x0000000088f00000|  0%| F|  |TAMS 0x0000000088e00000, 0x0000000088e00000| Untracked 
| 143|0x0000000088f00000, 0x0000000088f00000, 0x0000000089000000|  0%| F|  |TAMS 0x0000000088f00000, 0x0000000088f00000| Untracked 
| 144|0x0000000089000000, 0x0000000089100000, 0x0000000089100000|100%| O|  |TAMS 0x0000000089000000, 0x0000000089000000| Untracked 
| 145|0x0000000089100000, 0x0000000089200000, 0x0000000089200000|100%| O|  |TAMS 0x0000000089100000, 0x0000000089100000| Untracked 
| 146|0x0000000089200000, 0x0000000089300000, 0x0000000089300000|100%| O|  |TAMS 0x0000000089200000, 0x0000000089200000| Untracked 
| 147|0x0000000089300000, 0x0000000089400000, 0x0000000089400000|100%| O|  |TAMS 0x0000000089300000, 0x0000000089300000| Untracked 
| 148|0x0000000089400000, 0x0000000089500000, 0x0000000089500000|100%| O|  |TAMS 0x0000000089400000, 0x0000000089400000| Untracked 
| 149|0x0000000089500000, 0x0000000089600000, 0x0000000089600000|100%| O|  |TAMS 0x0000000089500000, 0x0000000089500000| Untracked 
| 150|0x0000000089600000, 0x0000000089700000, 0x0000000089700000|100%| O|  |TAMS 0x0000000089600000, 0x0000000089600000| Untracked 
| 151|0x0000000089700000, 0x0000000089800000, 0x0000000089800000|100%| O|  |TAMS 0x0000000089700000, 0x0000000089700000| Untracked 
| 152|0x0000000089800000, 0x0000000089900000, 0x0000000089900000|100%| O|  |TAMS 0x0000000089800000, 0x0000000089800000| Untracked 
| 153|0x0000000089900000, 0x0000000089a00000, 0x0000000089a00000|100%| O|  |TAMS 0x0000000089900000, 0x0000000089900000| Untracked 
| 154|0x0000000089a00000, 0x0000000089b00000, 0x0000000089b00000|100%| O|  |TAMS 0x0000000089a00000, 0x0000000089a00000| Untracked 
| 155|0x0000000089b00000, 0x0000000089c00000, 0x0000000089c00000|100%| O|  |TAMS 0x0000000089b00000, 0x0000000089b00000| Untracked 
| 156|0x0000000089c00000, 0x0000000089d00000, 0x0000000089d00000|100%| O|  |TAMS 0x0000000089c00000, 0x0000000089c00000| Untracked 
| 157|0x0000000089d00000, 0x0000000089e00000, 0x0000000089e00000|100%| O|  |TAMS 0x0000000089d00000, 0x0000000089d00000| Untracked 
| 158|0x0000000089e00000, 0x0000000089f00000, 0x0000000089f00000|100%| O|  |TAMS 0x0000000089e00000, 0x0000000089e00000| Untracked 
| 159|0x0000000089f00000, 0x000000008a000000, 0x000000008a000000|100%| O|  |TAMS 0x0000000089f00000, 0x0000000089f00000| Untracked 
| 160|0x000000008a000000, 0x000000008a100000, 0x000000008a100000|100%| O|  |TAMS 0x000000008a000000, 0x000000008a000000| Untracked 
| 161|0x000000008a100000, 0x000000008a200000, 0x000000008a200000|100%| O|  |TAMS 0x000000008a100000, 0x000000008a100000| Untracked 
| 162|0x000000008a200000, 0x000000008a300000, 0x000000008a300000|100%| O|  |TAMS 0x000000008a200000, 0x000000008a200000| Untracked 
| 163|0x000000008a300000, 0x000000008a400000, 0x000000008a400000|100%| O|  |TAMS 0x000000008a300000, 0x000000008a300000| Untracked 
| 164|0x000000008a400000, 0x000000008a400000, 0x000000008a500000|  0%| F|  |TAMS 0x000000008a400000, 0x000000008a400000| Untracked 
| 165|0x000000008a500000, 0x000000008a500000, 0x000000008a600000|  0%| F|  |TAMS 0x000000008a500000, 0x000000008a500000| Untracked 
| 166|0x000000008a600000, 0x000000008a600000, 0x000000008a700000|  0%| F|  |TAMS 0x000000008a600000, 0x000000008a600000| Untracked 
| 167|0x000000008a700000, 0x000000008a700000, 0x000000008a800000|  0%| F|  |TAMS 0x000000008a700000, 0x000000008a700000| Untracked 
| 168|0x000000008a800000, 0x000000008a800000, 0x000000008a900000|  0%| F|  |TAMS 0x000000008a800000, 0x000000008a800000| Untracked 
| 169|0x000000008a900000, 0x000000008a900000, 0x000000008aa00000|  0%| F|  |TAMS 0x000000008a900000, 0x000000008a900000| Untracked 
| 170|0x000000008aa00000, 0x000000008aa00000, 0x000000008ab00000|  0%| F|  |TAMS 0x000000008aa00000, 0x000000008aa00000| Untracked 
| 171|0x000000008ab00000, 0x000000008ab00000, 0x000000008ac00000|  0%| F|  |TAMS 0x000000008ab00000, 0x000000008ab00000| Untracked 
| 172|0x000000008ac00000, 0x000000008ac00000, 0x000000008ad00000|  0%| F|  |TAMS 0x000000008ac00000, 0x000000008ac00000| Untracked 
| 173|0x000000008ad00000, 0x000000008ad00000, 0x000000008ae00000|  0%| F|  |TAMS 0x000000008ad00000, 0x000000008ad00000| Untracked 
| 174|0x000000008ae00000, 0x000000008ae00000, 0x000000008af00000|  0%| F|  |TAMS 0x000000008ae00000, 0x000000008ae00000| Untracked 
| 175|0x000000008af00000, 0x000000008af00000, 0x000000008b000000|  0%| F|  |TAMS 0x000000008af00000, 0x000000008af00000| Untracked 
| 176|0x000000008b000000, 0x000000008b000000, 0x000000008b100000|  0%| F|  |TAMS 0x000000008b000000, 0x000000008b000000| Untracked 
| 177|0x000000008b100000, 0x000000008b100000, 0x000000008b200000|  0%| F|  |TAMS 0x000000008b100000, 0x000000008b100000| Untracked 
| 178|0x000000008b200000, 0x000000008b200000, 0x000000008b300000|  0%| F|  |TAMS 0x000000008b200000, 0x000000008b200000| Untracked 
| 179|0x000000008b300000, 0x000000008b300000, 0x000000008b400000|  0%| F|  |TAMS 0x000000008b300000, 0x000000008b300000| Untracked 
| 180|0x000000008b400000, 0x000000008b400000, 0x000000008b500000|  0%| F|  |TAMS 0x000000008b400000, 0x000000008b400000| Untracked 
| 181|0x000000008b500000, 0x000000008b500000, 0x000000008b600000|  0%| F|  |TAMS 0x000000008b500000, 0x000000008b500000| Untracked 
| 182|0x000000008b600000, 0x000000008b600000, 0x000000008b700000|  0%| F|  |TAMS 0x000000008b600000, 0x000000008b600000| Untracked 
| 183|0x000000008b700000, 0x000000008b700000, 0x000000008b800000|  0%| F|  |TAMS 0x000000008b700000, 0x000000008b700000| Untracked 
| 184|0x000000008b800000, 0x000000008b800000, 0x000000008b900000|  0%| F|  |TAMS 0x000000008b800000, 0x000000008b800000| Untracked 
| 185|0x000000008b900000, 0x000000008b900000, 0x000000008ba00000|  0%| F|  |TAMS 0x000000008b900000, 0x000000008b900000| Untracked 
| 186|0x000000008ba00000, 0x000000008ba00000, 0x000000008bb00000|  0%| F|  |TAMS 0x000000008ba00000, 0x000000008ba00000| Untracked 
| 187|0x000000008bb00000, 0x000000008bb00000, 0x000000008bc00000|  0%| F|  |TAMS 0x000000008bb00000, 0x000000008bb00000| Untracked 
| 188|0x000000008bc00000, 0x000000008bc00000, 0x000000008bd00000|  0%| F|  |TAMS 0x000000008bc00000, 0x000000008bc00000| Untracked 
| 189|0x000000008bd00000, 0x000000008bd00000, 0x000000008be00000|  0%| F|  |TAMS 0x000000008bd00000, 0x000000008bd00000| Untracked 
| 190|0x000000008be00000, 0x000000008be00000, 0x000000008bf00000|  0%| F|  |TAMS 0x000000008be00000, 0x000000008be00000| Untracked 
| 191|0x000000008bf00000, 0x000000008c000000, 0x000000008c000000|100%| S|CS|TAMS 0x000000008bf00000, 0x000000008bf00000| Complete 
| 192|0x000000008c000000, 0x000000008c100000, 0x000000008c100000|100%| S|CS|TAMS 0x000000008c000000, 0x000000008c000000| Complete 
| 193|0x000000008c100000, 0x000000008c200000, 0x000000008c200000|100%| S|CS|TAMS 0x000000008c100000, 0x000000008c100000| Complete 
| 194|0x000000008c200000, 0x000000008c300000, 0x000000008c300000|100%| S|CS|TAMS 0x000000008c200000, 0x000000008c200000| Complete 
| 195|0x000000008c300000, 0x000000008c400000, 0x000000008c400000|100%| S|CS|TAMS 0x000000008c300000, 0x000000008c300000| Complete 
| 196|0x000000008c400000, 0x000000008c500000, 0x000000008c500000|100%| S|CS|TAMS 0x000000008c400000, 0x000000008c400000| Complete 
| 197|0x000000008c500000, 0x000000008c500000, 0x000000008c600000|  0%| F|  |TAMS 0x000000008c500000, 0x000000008c500000| Untracked 
| 198|0x000000008c600000, 0x000000008c600000, 0x000000008c700000|  0%| F|  |TAMS 0x000000008c600000, 0x000000008c600000| Untracked 
| 199|0x000000008c700000, 0x000000008c700000, 0x000000008c800000|  0%| F|  |TAMS 0x000000008c700000, 0x000000008c700000| Untracked 
| 200|0x000000008c800000, 0x000000008c800000, 0x000000008c900000|  0%| F|  |TAMS 0x000000008c800000, 0x000000008c800000| Untracked 
| 201|0x000000008c900000, 0x000000008ca00000, 0x000000008ca00000|100%| S|CS|TAMS 0x000000008c900000, 0x000000008c900000| Complete 
| 202|0x000000008ca00000, 0x000000008ca00000, 0x000000008cb00000|  0%| F|  |TAMS 0x000000008ca00000, 0x000000008ca00000| Untracked 
| 203|0x000000008cb00000, 0x000000008cb00000, 0x000000008cc00000|  0%| F|  |TAMS 0x000000008cb00000, 0x000000008cb00000| Untracked 
| 204|0x000000008cc00000, 0x000000008cc00000, 0x000000008cd00000|  0%| F|  |TAMS 0x000000008cc00000, 0x000000008cc00000| Untracked 
| 205|0x000000008cd00000, 0x000000008cd00000, 0x000000008ce00000|  0%| F|  |TAMS 0x000000008cd00000, 0x000000008cd00000| Untracked 
| 206|0x000000008ce00000, 0x000000008ce00000, 0x000000008cf00000|  0%| F|  |TAMS 0x000000008ce00000, 0x000000008ce00000| Untracked 
| 207|0x000000008cf00000, 0x000000008cf00000, 0x000000008d000000|  0%| F|  |TAMS 0x000000008cf00000, 0x000000008cf00000| Untracked 
| 208|0x000000008d000000, 0x000000008d000000, 0x000000008d100000|  0%| F|  |TAMS 0x000000008d000000, 0x000000008d000000| Untracked 
| 209|0x000000008d100000, 0x000000008d100000, 0x000000008d200000|  0%| F|  |TAMS 0x000000008d100000, 0x000000008d100000| Untracked 
| 210|0x000000008d200000, 0x000000008d200000, 0x000000008d300000|  0%| F|  |TAMS 0x000000008d200000, 0x000000008d200000| Untracked 
| 211|0x000000008d300000, 0x000000008d300000, 0x000000008d400000|  0%| F|  |TAMS 0x000000008d300000, 0x000000008d300000| Untracked 
| 212|0x000000008d400000, 0x000000008d400000, 0x000000008d500000|  0%| F|  |TAMS 0x000000008d400000, 0x000000008d400000| Untracked 
| 213|0x000000008d500000, 0x000000008d5d05f8, 0x000000008d600000| 81%| E|  |TAMS 0x000000008d500000, 0x000000008d500000| Complete 
| 214|0x000000008d600000, 0x000000008d700000, 0x000000008d700000|100%| E|CS|TAMS 0x000000008d600000, 0x000000008d600000| Complete 
| 215|0x000000008d700000, 0x000000008d800000, 0x000000008d800000|100%| E|CS|TAMS 0x000000008d700000, 0x000000008d700000| Complete 
| 216|0x000000008d800000, 0x000000008d900000, 0x000000008d900000|100%| E|CS|TAMS 0x000000008d800000, 0x000000008d800000| Complete 
| 217|0x000000008d900000, 0x000000008da00000, 0x000000008da00000|100%| E|CS|TAMS 0x000000008d900000, 0x000000008d900000| Complete 
| 218|0x000000008da00000, 0x000000008db00000, 0x000000008db00000|100%| E|CS|TAMS 0x000000008da00000, 0x000000008da00000| Complete 
| 219|0x000000008db00000, 0x000000008dc00000, 0x000000008dc00000|100%| E|CS|TAMS 0x000000008db00000, 0x000000008db00000| Complete 
| 220|0x000000008dc00000, 0x000000008dd00000, 0x000000008dd00000|100%| E|CS|TAMS 0x000000008dc00000, 0x000000008dc00000| Complete 
| 221|0x000000008dd00000, 0x000000008de00000, 0x000000008de00000|100%| E|CS|TAMS 0x000000008dd00000, 0x000000008dd00000| Complete 
| 222|0x000000008de00000, 0x000000008df00000, 0x000000008df00000|100%| E|CS|TAMS 0x000000008de00000, 0x000000008de00000| Complete 
| 223|0x000000008df00000, 0x000000008e000000, 0x000000008e000000|100%| E|CS|TAMS 0x000000008df00000, 0x000000008df00000| Complete 
| 224|0x000000008e000000, 0x000000008e100000, 0x000000008e100000|100%| E|CS|TAMS 0x000000008e000000, 0x000000008e000000| Complete 
| 225|0x000000008e100000, 0x000000008e200000, 0x000000008e200000|100%| E|CS|TAMS 0x000000008e100000, 0x000000008e100000| Complete 
| 226|0x000000008e200000, 0x000000008e300000, 0x000000008e300000|100%| E|CS|TAMS 0x000000008e200000, 0x000000008e200000| Complete 
| 227|0x000000008e300000, 0x000000008e400000, 0x000000008e400000|100%| E|CS|TAMS 0x000000008e300000, 0x000000008e300000| Complete 
| 228|0x000000008e400000, 0x000000008e500000, 0x000000008e500000|100%| E|CS|TAMS 0x000000008e400000, 0x000000008e400000| Complete 
| 229|0x000000008e500000, 0x000000008e600000, 0x000000008e600000|100%| E|CS|TAMS 0x000000008e500000, 0x000000008e500000| Complete 
| 230|0x000000008e600000, 0x000000008e700000, 0x000000008e700000|100%| E|CS|TAMS 0x000000008e600000, 0x000000008e600000| Complete 
| 231|0x000000008e700000, 0x000000008e800000, 0x000000008e800000|100%| E|CS|TAMS 0x000000008e700000, 0x000000008e700000| Complete 
| 232|0x000000008e800000, 0x000000008e8ffff8, 0x000000008e900000| 99%| E|CS|TAMS 0x000000008e800000, 0x000000008e800000| Complete 
| 233|0x000000008e900000, 0x000000008ea00000, 0x000000008ea00000|100%| E|CS|TAMS 0x000000008e900000, 0x000000008e900000| Complete 
| 234|0x000000008ea00000, 0x000000008eb00000, 0x000000008eb00000|100%| E|CS|TAMS 0x000000008ea00000, 0x000000008ea00000| Complete 
| 235|0x000000008eb00000, 0x000000008ec00000, 0x000000008ec00000|100%| E|CS|TAMS 0x000000008eb00000, 0x000000008eb00000| Complete 
| 236|0x000000008ec00000, 0x000000008ed00000, 0x000000008ed00000|100%| E|  |TAMS 0x000000008ec00000, 0x000000008ec00000| Complete 
| 237|0x000000008ed00000, 0x000000008ee00000, 0x000000008ee00000|100%| E|CS|TAMS 0x000000008ed00000, 0x000000008ed00000| Complete 
| 238|0x000000008ee00000, 0x000000008ef00000, 0x000000008ef00000|100%| E|CS|TAMS 0x000000008ee00000, 0x000000008ee00000| Complete 
| 239|0x000000008ef00000, 0x000000008f000000, 0x000000008f000000|100%| E|CS|TAMS 0x000000008ef00000, 0x000000008ef00000| Complete 
| 240|0x000000008f000000, 0x000000008f100000, 0x000000008f100000|100%| E|CS|TAMS 0x000000008f000000, 0x000000008f000000| Complete 
| 241|0x000000008f100000, 0x000000008f200000, 0x000000008f200000|100%| E|CS|TAMS 0x000000008f100000, 0x000000008f100000| Complete 
| 242|0x000000008f200000, 0x000000008f300000, 0x000000008f300000|100%| E|CS|TAMS 0x000000008f200000, 0x000000008f200000| Complete 
| 243|0x000000008f300000, 0x000000008f400000, 0x000000008f400000|100%| E|CS|TAMS 0x000000008f300000, 0x000000008f300000| Complete 
| 244|0x000000008f400000, 0x000000008f500000, 0x000000008f500000|100%| E|CS|TAMS 0x000000008f400000, 0x000000008f400000| Complete 
| 245|0x000000008f500000, 0x000000008f600000, 0x000000008f600000|100%| E|CS|TAMS 0x000000008f500000, 0x000000008f500000| Complete 
| 246|0x000000008f600000, 0x000000008f700000, 0x000000008f700000|100%| E|CS|TAMS 0x000000008f600000, 0x000000008f600000| Complete 
| 247|0x000000008f700000, 0x000000008f800000, 0x000000008f800000|100%| E|CS|TAMS 0x000000008f700000, 0x000000008f700000| Complete 
| 248|0x000000008f800000, 0x000000008f900000, 0x000000008f900000|100%| E|CS|TAMS 0x000000008f800000, 0x000000008f800000| Complete 
| 249|0x000000008f900000, 0x000000008fa00000, 0x000000008fa00000|100%| E|CS|TAMS 0x000000008f900000, 0x000000008f900000| Complete 
| 250|0x000000008fa00000, 0x000000008fb00000, 0x000000008fb00000|100%| E|CS|TAMS 0x000000008fa00000, 0x000000008fa00000| Complete 
| 251|0x000000008fb00000, 0x000000008fc00000, 0x000000008fc00000|100%| E|CS|TAMS 0x000000008fb00000, 0x000000008fb00000| Complete 

Card table byte_map: [0x0000025933260000,0x0000025933660000] _byte_map_base: 0x0000025932e60000

Marking Bits (Prev, Next): (CMBitMap*) 0x000002591c0984e0, (CMBitMap*) 0x000002591c0984a0
 Prev Bits: [0x0000025935a60000, 0x0000025937a60000)
 Next Bits: [0x0000025933a60000, 0x0000025935a60000)

Polling page: 0x000002591b7f0000

Metaspace:

Usage:
  Non-class:     84.60 MB used.
      Class:     13.36 MB used.
       Both:     97.97 MB used.

Virtual space:
  Non-class space:      128.00 MB reserved,      85.06 MB ( 66%) committed,  2 nodes.
      Class space:      416.00 MB reserved,      13.81 MB (  3%) committed,  1 nodes.
             Both:      544.00 MB reserved,      98.88 MB ( 18%) committed. 

Chunk freelists:
   Non-Class:  10.94 MB
       Class:  2.08 MB
        Both:  13.02 MB

MaxMetaspaceSize: 512.00 MB
CompressedClassSpaceSize: 416.00 MB
Initial GC threshold: 21.00 MB
Current GC threshold: 156.06 MB
CDS: on
MetaspaceReclaimPolicy: balanced
 - commit_granule_bytes: 65536.
 - commit_granule_words: 8192.
 - virtual_space_node_default_size: 8388608.
 - enlarge_chunks_in_place: 1.
 - new_chunks_are_fully_committed: 0.
 - uncommit_free_chunks: 1.
 - use_allocation_guard: 0.
 - handle_deallocations: 1.


Internal statistics:

num_allocs_failed_limit: 12.
num_arena_births: 1228.
num_arena_deaths: 0.
num_vsnodes_births: 3.
num_vsnodes_deaths: 0.
num_space_committed: 1582.
num_space_uncommitted: 0.
num_chunks_returned_to_freelist: 12.
num_chunks_taken_from_freelist: 5554.
num_chunk_merges: 9.
num_chunk_splits: 3617.
num_chunks_enlarged: 2354.
num_inconsistent_stats: 0.

CodeHeap 'non-profiled nmethods': size=120000Kb used=7291Kb max_used=7291Kb free=112708Kb
 bounds [0x000002592b600000, 0x000002592bd20000, 0x0000025932b30000]
CodeHeap 'profiled nmethods': size=120000Kb used=25834Kb max_used=26194Kb free=94165Kb
 bounds [0x0000025923b30000, 0x00000259254f0000, 0x000002592b060000]
CodeHeap 'non-nmethods': size=5760Kb used=2403Kb max_used=2465Kb free=3356Kb
 bounds [0x000002592b060000, 0x000002592b2e0000, 0x000002592b600000]
 total_blobs=14443 nmethods=13502 adapters=853
 compilation: enabled
              stopped_count=0, restarted_count=0
 full_count=0

Compilation events (20 events):
Event: 538.717 Thread 0x000002593a5e1b00 15824       1       org.gradle.api.internal.artifacts.ivyservice.resolveengine.excludes.simple.DefaultModuleIdSetExclude::excludesArtifact (2 bytes)
Event: 538.717 Thread 0x000002593a5e1b00 nmethod 15824 0x000002592bd18f10 code [0x000002592bd190a0, 0x000002592bd19178]
Event: 538.717 Thread 0x000002593a5e1b00 15825       1       org.gradle.api.internal.artifacts.ivyservice.resolveengine.excludes.simple.DefaultModuleIdSetExclude::mayExcludeArtifacts (2 bytes)
Event: 538.717 Thread 0x000002593a5e1b00 nmethod 15825 0x000002592bd19210 code [0x000002592bd193a0, 0x000002592bd19478]
Event: 538.724 Thread 0x000002593a5e1b00 15826       3       org.gradle.api.internal.artifacts.DefaultResolvableArtifact::<init> (87 bytes)
Event: 538.726 Thread 0x000002593a5e1b00 nmethod 15826 0x00000259247cb110 code [0x00000259247cb320, 0x00000259247cbcb8]
Event: 538.748 Thread 0x000002593a4d0590 nmethod 15805 0x000002592bd19510 code [0x000002592bd19900, 0x000002592bd1bd10]
Event: 538.748 Thread 0x000002593a4d0590 15816       4       org.gradle.internal.component.external.model.DefaultConfigurationMetadata::getAttributes (5 bytes)
Event: 538.748 Thread 0x000002593a4d0590 nmethod 15816 0x000002592bd1d410 code [0x000002592bd1d5a0, 0x000002592bd1d648]
Event: 538.749 Thread 0x000002593a4d0590 15821       4       com.google.common.collect.Lists::equalsImpl (114 bytes)
Event: 538.762 Thread 0x000002593a4d0590 nmethod 15821 0x000002592bd1d710 code [0x000002592bd1d8e0, 0x000002592bd1df18]
Event: 538.762 Thread 0x000002593a4d0590 15832       4       java.util.concurrent.locks.LockSupport::setCurrentBlocker (14 bytes)
Event: 538.763 Thread 0x000002593a4d0590 nmethod 15832 0x000002592bd1e410 code [0x000002592bd1e580, 0x000002592bd1e698]
Event: 538.763 Thread 0x000002593a4d0590 15827   !   4       org.gradle.cache.internal.DefaultMultiProcessSafePersistentIndexedCache::getIfPresent (25 bytes)
Event: 538.770 Thread 0x000002593a5e1b00 15833       3       org.gradle.internal.logging.sink.OutputEventTransformer::onOutput (399 bytes)
Event: 538.775 Thread 0x000002593a5e1b00 nmethod 15833 0x000002592515d410 code [0x000002592515d820, 0x000002592515fd38]
Event: 538.792 Thread 0x000002593a5e1b00 15837       3       org.gradle.api.internal.file.DefaultFileCollectionFactory$FixedFileCollection::<init> (18 bytes)
Event: 538.793 Thread 0x000002593a5e1b00 nmethod 15837 0x00000259252b2990 code [0x00000259252b2b40, 0x00000259252b2ed8]
Event: 538.829 Thread 0x000002593a5e1b00 15838       3       com.sun.jmx.interceptor.DefaultMBeanServerInterceptor::nonDefaultDomain (32 bytes)
Event: 538.830 Thread 0x000002593a5e1b00 nmethod 15838 0x0000025925245210 code [0x0000025925245440, 0x0000025925245b38]

GC Heap History (20 events):
Event: 31.102 GC heap before
{Heap before GC invocations=37 (full 0):
 garbage-first heap   total 215040K, used 133823K [0x0000000080000000, 0x0000000100000000)
  region size 1024K, 10 young (10240K), 3 survivors (3072K)
 Metaspace       used 91157K, committed 92032K, reserved 557056K
  class space    used 12653K, committed 13056K, reserved 425984K
}
Event: 31.107 GC heap after
{Heap after GC invocations=38 (full 0):
 garbage-first heap   total 258048K, used 126939K [0x0000000080000000, 0x0000000100000000)
  region size 1024K, 2 young (2048K), 2 survivors (2048K)
 Metaspace       used 91157K, committed 92032K, reserved 557056K
  class space    used 12653K, committed 13056K, reserved 425984K
}
Event: 32.164 GC heap before
{Heap before GC invocations=38 (full 0):
 garbage-first heap   total 258048K, used 207835K [0x0000000080000000, 0x0000000100000000)
  region size 1024K, 81 young (82944K), 2 survivors (2048K)
 Metaspace       used 94892K, committed 95744K, reserved 557056K
  class space    used 13115K, committed 13504K, reserved 425984K
}
Event: 32.171 GC heap after
{Heap after GC invocations=39 (full 0):
 garbage-first heap   total 258048K, used 135938K [0x0000000080000000, 0x0000000100000000)
  region size 1024K, 11 young (11264K), 11 survivors (11264K)
 Metaspace       used 94892K, committed 95744K, reserved 557056K
  class space    used 13115K, committed 13504K, reserved 425984K
}
Event: 33.289 GC heap before
{Heap before GC invocations=40 (full 0):
 garbage-first heap   total 258048K, used 207618K [0x0000000080000000, 0x0000000100000000)
  region size 1024K, 82 young (83968K), 11 survivors (11264K)
 Metaspace       used 96072K, committed 96960K, reserved 557056K
  class space    used 13252K, committed 13696K, reserved 425984K
}
Event: 33.301 GC heap after
{Heap after GC invocations=41 (full 0):
 garbage-first heap   total 258048K, used 142960K [0x0000000080000000, 0x0000000100000000)
  region size 1024K, 7 young (7168K), 7 survivors (7168K)
 Metaspace       used 96072K, committed 96960K, reserved 557056K
  class space    used 13252K, committed 13696K, reserved 425984K
}
Event: 33.365 GC heap before
{Heap before GC invocations=41 (full 0):
 garbage-first heap   total 258048K, used 147056K [0x0000000080000000, 0x0000000100000000)
  region size 1024K, 12 young (12288K), 7 survivors (7168K)
 Metaspace       used 96072K, committed 96960K, reserved 557056K
  class space    used 13252K, committed 13696K, reserved 425984K
}
Event: 33.370 GC heap after
{Heap after GC invocations=42 (full 0):
 garbage-first heap   total 258048K, used 143308K [0x0000000080000000, 0x0000000100000000)
  region size 1024K, 1 young (1024K), 1 survivors (1024K)
 Metaspace       used 96072K, committed 96960K, reserved 557056K
  class space    used 13252K, committed 13696K, reserved 425984K
}
Event: 34.329 GC heap before
{Heap before GC invocations=42 (full 0):
 garbage-first heap   total 258048K, used 213964K [0x0000000080000000, 0x0000000100000000)
  region size 1024K, 67 young (68608K), 1 survivors (1024K)
 Metaspace       used 96161K, committed 97088K, reserved 557056K
  class space    used 13253K, committed 13696K, reserved 425984K
}
Event: 34.333 GC heap after
{Heap after GC invocations=43 (full 0):
 garbage-first heap   total 258048K, used 146516K [0x0000000080000000, 0x0000000100000000)
  region size 1024K, 5 young (5120K), 5 survivors (5120K)
 Metaspace       used 96161K, committed 97088K, reserved 557056K
  class space    used 13253K, committed 13696K, reserved 425984K
}
Event: 34.959 GC heap before
{Heap before GC invocations=43 (full 0):
 garbage-first heap   total 258048K, used 228436K [0x0000000080000000, 0x0000000100000000)
  region size 1024K, 70 young (71680K), 5 survivors (5120K)
 Metaspace       used 96336K, committed 97216K, reserved 557056K
  class space    used 13260K, committed 13696K, reserved 425984K
}
Event: 34.966 GC heap after
{Heap after GC invocations=44 (full 0):
 garbage-first heap   total 258048K, used 152079K [0x0000000080000000, 0x0000000100000000)
  region size 1024K, 9 young (9216K), 9 survivors (9216K)
 Metaspace       used 96336K, committed 97216K, reserved 557056K
  class space    used 13260K, committed 13696K, reserved 425984K
}
Event: 35.478 GC heap before
{Heap before GC invocations=44 (full 0):
 garbage-first heap   total 258048K, used 217615K [0x0000000080000000, 0x0000000100000000)
  region size 1024K, 70 young (71680K), 9 survivors (9216K)
 Metaspace       used 96820K, committed 97728K, reserved 557056K
  class space    used 13327K, committed 13760K, reserved 425984K
}
Event: 35.486 GC heap after
{Heap after GC invocations=45 (full 0):
 garbage-first heap   total 258048K, used 158104K [0x0000000080000000, 0x0000000100000000)
  region size 1024K, 6 young (6144K), 6 survivors (6144K)
 Metaspace       used 96820K, committed 97728K, reserved 557056K
  class space    used 13327K, committed 13760K, reserved 425984K
}
Event: 35.935 GC heap before
{Heap before GC invocations=45 (full 0):
 garbage-first heap   total 258048K, used 222616K [0x0000000080000000, 0x0000000100000000)
  region size 1024K, 62 young (63488K), 6 survivors (6144K)
 Metaspace       used 97208K, committed 98112K, reserved 557056K
  class space    used 13361K, committed 13824K, reserved 425984K
}
Event: 35.941 GC heap after
{Heap after GC invocations=46 (full 0):
 garbage-first heap   total 258048K, used 163297K [0x0000000080000000, 0x0000000100000000)
  region size 1024K, 6 young (6144K), 6 survivors (6144K)
 Metaspace       used 97208K, committed 98112K, reserved 557056K
  class space    used 13361K, committed 13824K, reserved 425984K
}
Event: 36.226 GC heap before
{Heap before GC invocations=46 (full 0):
 garbage-first heap   total 258048K, used 218593K [0x0000000080000000, 0x0000000100000000)
  region size 1024K, 57 young (58368K), 6 survivors (6144K)
 Metaspace       used 97358K, committed 98240K, reserved 557056K
  class space    used 13374K, committed 13824K, reserved 425984K
}
Event: 36.232 GC heap after
{Heap after GC invocations=47 (full 0):
 garbage-first heap   total 258048K, used 166695K [0x0000000080000000, 0x0000000100000000)
  region size 1024K, 4 young (4096K), 4 survivors (4096K)
 Metaspace       used 97358K, committed 98240K, reserved 557056K
  class space    used 13374K, committed 13824K, reserved 425984K
}
Event: 73.863 GC heap before
{Heap before GC invocations=47 (full 0):
 garbage-first heap   total 258048K, used 220967K [0x0000000080000000, 0x0000000100000000)
  region size 1024K, 54 young (55296K), 4 survivors (4096K)
 Metaspace       used 99847K, committed 100736K, reserved 557056K
  class space    used 13650K, committed 14080K, reserved 425984K
}
Event: 73.873 GC heap after
{Heap after GC invocations=48 (full 0):
 garbage-first heap   total 258048K, used 171007K [0x0000000080000000, 0x0000000100000000)
  region size 1024K, 7 young (7168K), 7 survivors (7168K)
 Metaspace       used 99847K, committed 100736K, reserved 557056K
  class space    used 13650K, committed 14080K, reserved 425984K
}

Dll operation events (12 events):
Event: 0.015 Loaded shared library C:\Program Files\Microsoft\jdk-17.0.8.7-hotspot\bin\java.dll
Event: 0.044 Loaded shared library C:\Program Files\Microsoft\jdk-17.0.8.7-hotspot\bin\jsvml.dll
Event: 0.149 Loaded shared library C:\Program Files\Microsoft\jdk-17.0.8.7-hotspot\bin\net.dll
Event: 0.152 Loaded shared library C:\Program Files\Microsoft\jdk-17.0.8.7-hotspot\bin\nio.dll
Event: 0.162 Loaded shared library C:\Program Files\Microsoft\jdk-17.0.8.7-hotspot\bin\zip.dll
Event: 0.922 Loaded shared library C:\Program Files\Microsoft\jdk-17.0.8.7-hotspot\bin\jimage.dll
Event: 1.115 Loaded shared library C:\Program Files\Microsoft\jdk-17.0.8.7-hotspot\bin\verify.dll
Event: 1.484 Loaded shared library C:\Users\soban\.gradle\native\68d5fa5c4cc2d200863cafc0d521ce42e7d3e7ee720ec0a83991735586a16f82\windows-amd64\native-platform.dll
Event: 1.508 Loaded shared library C:\Users\soban\.gradle\native\e376f236ea51e6404a007f0833ffe2c6e607c4080706a723a18a27aeea778392\windows-amd64\native-platform-file-events.dll
Event: 4.361 Loaded shared library C:\Program Files\Microsoft\jdk-17.0.8.7-hotspot\bin\management.dll
Event: 4.365 Loaded shared library C:\Program Files\Microsoft\jdk-17.0.8.7-hotspot\bin\management_ext.dll
Event: 5.191 Loaded shared library C:\Program Files\Microsoft\jdk-17.0.8.7-hotspot\bin\sunmscapi.dll

Deoptimization events (20 events):
Event: 538.590 Thread 0x000002595d840dc0 Uncommon trap: trap_request=0xffffff45 fr.pc=0x000002592bc3b964 relative=0x0000000000001fe4
Event: 538.591 Thread 0x000002595d840dc0 Uncommon trap: reason=unstable_if action=reinterpret pc=0x000002592bc3b964 method=org.gradle.api.internal.attributes.DefaultCompatibilityRuleChain.doesSomething()Z @ 9 c2
Event: 538.591 Thread 0x000002595d840dc0 DEOPT PACKING pc=0x000002592bc3b964 sp=0x000000c22e4f68d0
Event: 538.592 Thread 0x000002595d840dc0 DEOPT UNPACKING pc=0x000002592b0b69a3 sp=0x000000c22e4f68a0 mode 2
Event: 538.846 Thread 0x000002595d840dc0 Uncommon trap: trap_request=0xffffffbe fr.pc=0x000002592bc9c3a0 relative=0x0000000000000300
Event: 538.846 Thread 0x000002595d840dc0 Uncommon trap: reason=profile_predicate action=maybe_recompile pc=0x000002592bc9c3a0 method=java.util.regex.Pattern$Slice.match(Ljava/util/regex/Matcher;ILjava/lang/CharSequence;)Z @ 18 c2
Event: 538.847 Thread 0x000002595d840dc0 DEOPT PACKING pc=0x000002592bc9c3a0 sp=0x000000c22e4f6f20
Event: 538.847 Thread 0x000002595d840dc0 DEOPT UNPACKING pc=0x000002592b0b69a3 sp=0x000000c22e4f6e90 mode 2
Event: 538.847 Thread 0x000002595d840dc0 Uncommon trap: trap_request=0xffffffbe fr.pc=0x000002592bc9c3a0 relative=0x0000000000000300
Event: 538.847 Thread 0x000002595d840dc0 Uncommon trap: reason=profile_predicate action=maybe_recompile pc=0x000002592bc9c3a0 method=java.util.regex.Pattern$Slice.match(Ljava/util/regex/Matcher;ILjava/lang/CharSequence;)Z @ 18 c2
Event: 538.847 Thread 0x000002595d840dc0 DEOPT PACKING pc=0x000002592bc9c3a0 sp=0x000000c22e4f6f20
Event: 538.847 Thread 0x000002595d840dc0 DEOPT UNPACKING pc=0x000002592b0b69a3 sp=0x000000c22e4f6e90 mode 2
Event: 538.847 Thread 0x000002595d840dc0 Uncommon trap: trap_request=0xffffffbe fr.pc=0x000002592bc9c3a0 relative=0x0000000000000300
Event: 538.847 Thread 0x000002595d840dc0 Uncommon trap: reason=profile_predicate action=maybe_recompile pc=0x000002592bc9c3a0 method=java.util.regex.Pattern$Slice.match(Ljava/util/regex/Matcher;ILjava/lang/CharSequence;)Z @ 18 c2
Event: 538.847 Thread 0x000002595d840dc0 DEOPT PACKING pc=0x000002592bc9c3a0 sp=0x000000c22e4f6f20
Event: 538.847 Thread 0x000002595d840dc0 DEOPT UNPACKING pc=0x000002592b0b69a3 sp=0x000000c22e4f6e90 mode 2
Event: 538.847 Thread 0x000002595d840dc0 Uncommon trap: trap_request=0xffffffbe fr.pc=0x000002592bc9c3a0 relative=0x0000000000000300
Event: 538.847 Thread 0x000002595d840dc0 Uncommon trap: reason=profile_predicate action=maybe_recompile pc=0x000002592bc9c3a0 method=java.util.regex.Pattern$Slice.match(Ljava/util/regex/Matcher;ILjava/lang/CharSequence;)Z @ 18 c2
Event: 538.847 Thread 0x000002595d840dc0 DEOPT PACKING pc=0x000002592bc9c3a0 sp=0x000000c22e4f6f20
Event: 538.847 Thread 0x000002595d840dc0 DEOPT UNPACKING pc=0x000002592b0b69a3 sp=0x000000c22e4f6e90 mode 2

Classes unloaded (0 events):
No events

Classes redefined (0 events):
No events

Internal exceptions (20 events):
Event: 35.768 Thread 0x000002595d0f2900 Exception <a 'sun/nio/fs/WindowsException'{0x000000008e401338}> (0x000000008e401338) 
thrown [s\src\hotspot\share\prims\jni.cpp, line 516]
Event: 35.824 Thread 0x000002595d0f0fb0 Exception <a 'sun/nio/fs/WindowsException'{0x000000008d735c80}> (0x000000008d735c80) 
thrown [s\src\hotspot\share\prims\jni.cpp, line 516]
Event: 35.828 Thread 0x000002595d0f0fb0 Exception <a 'sun/nio/fs/WindowsException'{0x000000008d74d790}> (0x000000008d74d790) 
thrown [s\src\hotspot\share\prims\jni.cpp, line 516]
Event: 35.836 Thread 0x000002595d0f2900 Exception <a 'sun/nio/fs/WindowsException'{0x000000008d723708}> (0x000000008d723708) 
thrown [s\src\hotspot\share\prims\jni.cpp, line 516]
Event: 36.185 Thread 0x000002595d0efb70 Implicit null exception at 0x000002592bb9575c to 0x000002592bb96898
Event: 36.189 Thread 0x000002595d0f2e10 Implicit null exception at 0x000002592bb99475 to 0x000002592bb99ee0
Event: 36.246 Thread 0x000002595d0f0fb0 Exception <a 'sun/nio/fs/WindowsException'{0x000000008fb9afc0}> (0x000000008fb9afc0) 
thrown [s\src\hotspot\share\prims\jni.cpp, line 516]
Event: 36.255 Thread 0x000002595d0f0fb0 Exception <a 'sun/nio/fs/WindowsException'{0x000000008fbd8b70}> (0x000000008fbd8b70) 
thrown [s\src\hotspot\share\prims\jni.cpp, line 516]
Event: 36.350 Thread 0x000002595d0f2900 Exception <a 'java/lang/NoSuchMethodError'{0x000000008e6a63b8}: static Ljava/lang/Object;.<clinit>()V> (0x000000008e6a63b8) 
thrown [s\src\hotspot\share\prims\jni.cpp, line 1107]
Event: 36.495 Thread 0x000002595d60db80 Implicit null exception at 0x000002592b903883 to 0x000002592b903a48
Event: 36.670 Thread 0x000002595d0f2900 Exception <a 'java/lang/NoSuchMethodError'{0x000000008def4ae0}: 'java.lang.Object java.lang.invoke.DirectMethodHandle$Holder.invokeInterface(java.lang.Object, java.lang.Object, java.lang.Object, java.lang.Object)'> (0x000000008def4ae0) 
thrown [s\src\hotspot\share\interpreter\linkResolver.cpp, line 759]
Event: 528.000 Thread 0x000002595d840dc0 Implicit null exception at 0x000002592b699020 to 0x000002592b69e644
Event: 529.311 Thread 0x000002595d840dc0 Exception <a 'java/lang/ClassNotFoundException'{0x000000008ea11ed8}: settings_673sw7i18rwupezriu3za7degBeanInfo> (0x000000008ea11ed8) 
thrown [s\src\hotspot\share\classfile\systemDictionary.cpp, line 256]
Event: 529.314 Thread 0x000002595d840dc0 Exception <a 'java/lang/ClassNotFoundException'{0x000000008ea18ea0}: settings_673sw7i18rwupezriu3za7degCustomizer> (0x000000008ea18ea0) 
thrown [s\src\hotspot\share\classfile\systemDictionary.cpp, line 256]
Event: 529.455 Thread 0x000002595d840dc0 Exception <a 'java/lang/ClassNotFoundException'{0x000000008eaf26c0}: native_modules_tqvw8612fsmety9i6m4wdgsdBeanInfo> (0x000000008eaf26c0) 
thrown [s\src\hotspot\share\classfile\systemDictionary.cpp, line 256]
Event: 529.457 Thread 0x000002595d840dc0 Exception <a 'java/lang/ClassNotFoundException'{0x000000008eaf92d0}: native_modules_tqvw8612fsmety9i6m4wdgsdCustomizer> (0x000000008eaf92d0) 
thrown [s\src\hotspot\share\classfile\systemDictionary.cpp, line 256]
Event: 529.511 Thread 0x000002595d840dc0 Exception <a 'java/lang/ClassNotFoundException'{0x000000008e930ca0}: ReactNativeModulesBeanInfo> (0x000000008e930ca0) 
thrown [s\src\hotspot\share\classfile\systemDictionary.cpp, line 256]
Event: 529.512 Thread 0x000002595d840dc0 Exception <a 'java/lang/ClassNotFoundException'{0x000000008e935eb8}: ReactNativeModulesCustomizer> (0x000000008e935eb8) 
thrown [s\src\hotspot\share\classfile\systemDictionary.cpp, line 256]
Event: 537.804 Thread 0x000002595d840dc0 Exception <a 'java/lang/ClassNotFoundException'{0x000000008e6b2c98}: org/codehaus/groovy/runtime/NullObjectBeanInfo> (0x000000008e6b2c98) 
thrown [s\src\hotspot\share\classfile\systemDictionary.cpp, line 256]
Event: 537.825 Thread 0x000002595d840dc0 Exception <a 'java/lang/ClassNotFoundException'{0x000000008e379d18}: org/codehaus/groovy/runtime/NullObjectCustomizer> (0x000000008e379d18) 
thrown [s\src\hotspot\share\classfile\systemDictionary.cpp, line 256]

VM Operations (20 events):
Event: 496.071 Executing VM operation: Cleanup
Event: 496.071 Executing VM operation: Cleanup done
Event: 515.249 Executing VM operation: Cleanup
Event: 515.249 Executing VM operation: Cleanup done
Event: 525.330 Executing VM operation: Cleanup
Event: 525.330 Executing VM operation: Cleanup done
Event: 527.331 Executing VM operation: Cleanup
Event: 527.332 Executing VM operation: Cleanup done
Event: 528.337 Executing VM operation: Cleanup
Event: 528.339 Executing VM operation: Cleanup done
Event: 529.354 Executing VM operation: Cleanup
Event: 529.355 Executing VM operation: Cleanup done
Event: 530.355 Executing VM operation: Cleanup
Event: 530.355 Executing VM operation: Cleanup done
Event: 532.380 Executing VM operation: Cleanup
Event: 532.380 Executing VM operation: Cleanup done
Event: 537.426 Executing VM operation: Cleanup
Event: 537.426 Executing VM operation: Cleanup done
Event: 538.437 Executing VM operation: Cleanup
Event: 538.438 Executing VM operation: Cleanup done

Events (20 events):
Event: 538.731 Thread 0x000002595d83cbf0 Thread added: 0x000002595d83cbf0
Event: 538.732 Thread 0x000002595d83d100 Thread added: 0x000002595d83d100
Event: 538.732 Thread 0x000002595d83ef60 Thread added: 0x000002595d83ef60
Event: 538.732 Thread 0x000002595d83fe90 Thread added: 0x000002595d83fe90
Event: 538.732 Thread 0x000002595d83e540 Thread added: 0x000002595d83e540
Event: 538.733 Thread 0x000002595d6e80c0 Thread added: 0x000002595d6e80c0
Event: 538.734 Thread 0x000002595d6ea940 Thread added: 0x000002595d6ea940
Event: 538.735 Thread 0x000002595d6ef020 Thread added: 0x000002595d6ef020
Event: 538.735 Thread 0x000002595d6e7bb0 Thread added: 0x000002595d6e7bb0
Event: 538.735 Thread 0x000002595d6edbe0 Thread added: 0x000002595d6edbe0
Event: 538.736 Thread 0x000002595d6ee600 Thread added: 0x000002595d6ee600
Event: 538.737 Thread 0x000002595d6eb870 Thread added: 0x000002595d6eb870
Event: 538.738 Thread 0x000002595d6ec290 Thread added: 0x000002595d6ec290
Event: 538.738 Thread 0x000002595d6eeb10 Thread added: 0x000002595d6eeb10
Event: 538.739 Thread 0x000002595d6ef530 Thread added: 0x000002595d6ef530
Event: 538.739 Thread 0x000002595d6ee0f0 Thread added: 0x000002595d6ee0f0
Event: 538.740 Thread 0x000002595d6e9a10 Thread added: 0x000002595d6e9a10
Event: 538.741 Thread 0x000002595d6e85d0 Thread added: 0x000002595d6e85d0
Event: 538.742 Thread 0x000002595d6eccb0 Thread added: 0x000002595d6eccb0
Event: 538.742 Thread 0x000002595d6e9f20 Thread added: 0x000002595d6e9f20


Dynamic libraries:
0x00007ff646ce0000 - 0x00007ff646cee000 	C:\Program Files\Microsoft\jdk-17.0.8.7-hotspot\bin\java.exe
0x00007ff873f10000 - 0x00007ff874127000 	C:\Windows\SYSTEM32\ntdll.dll
0x00007ff871cf0000 - 0x00007ff871db4000 	C:\Windows\System32\KERNEL32.DLL
0x00007ff871490000 - 0x00007ff871836000 	C:\Windows\System32\KERNELBASE.dll
0x00007ff871b40000 - 0x00007ff871c51000 	C:\Windows\System32\ucrtbase.dll
0x00007ff846920000 - 0x00007ff846937000 	C:\Program Files\Microsoft\jdk-17.0.8.7-hotspot\bin\jli.dll
0x00007ff8467c0000 - 0x00007ff8467db000 	C:\Program Files\Microsoft\jdk-17.0.8.7-hotspot\bin\VCRUNTIME140.dll
0x00007ff873090000 - 0x00007ff87323e000 	C:\Windows\System32\USER32.dll
0x00007ff871840000 - 0x00007ff871866000 	C:\Windows\System32\win32u.dll
0x00007ff872300000 - 0x00007ff872329000 	C:\Windows\System32\GDI32.dll
0x00007ff853730000 - 0x00007ff8539c3000 	C:\Windows\WinSxS\amd64_microsoft.windows.common-controls_6595b64144ccf1df_6.0.22621.2506_none_270c5ae97388e100\COMCTL32.dll
0x00007ff871280000 - 0x00007ff871398000 	C:\Windows\System32\gdi32full.dll
0x00007ff871870000 - 0x00007ff87190a000 	C:\Windows\System32\msvcp_win.dll
0x00007ff873ac0000 - 0x00007ff873b67000 	C:\Windows\System32\msvcrt.dll
0x00007ff873c70000 - 0x00007ff873ca1000 	C:\Windows\System32\IMM32.DLL
0x00007ff865ed0000 - 0x00007ff865edc000 	C:\Program Files\Microsoft\jdk-17.0.8.7-hotspot\bin\vcruntime140_1.dll
0x00007ff831440000 - 0x00007ff8314cd000 	C:\Program Files\Microsoft\jdk-17.0.8.7-hotspot\bin\msvcp140.dll
0x00007ffff3880000 - 0x00007ffff44e5000 	C:\Program Files\Microsoft\jdk-17.0.8.7-hotspot\bin\server\jvm.dll
0x00007ff872240000 - 0x00007ff8722f1000 	C:\Windows\System32\ADVAPI32.dll
0x00007ff872460000 - 0x00007ff872505000 	C:\Windows\System32\sechost.dll
0x00007ff872340000 - 0x00007ff872457000 	C:\Windows\System32\RPCRT4.dll
0x00007ff859ef0000 - 0x00007ff859ef9000 	C:\Windows\SYSTEM32\WSOCK32.dll
0x00007ff871150000 - 0x00007ff87119d000 	C:\Windows\SYSTEM32\POWRPROF.dll
0x00007ff865e90000 - 0x00007ff865ec4000 	C:\Windows\SYSTEM32\WINMM.dll
0x00007ff865ca0000 - 0x00007ff865caa000 	C:\Windows\SYSTEM32\VERSION.dll
0x00007ff8732a0000 - 0x00007ff873311000 	C:\Windows\System32\WS2_32.dll
0x00007ff871130000 - 0x00007ff871143000 	C:\Windows\SYSTEM32\UMPDC.dll
0x00007ff870240000 - 0x00007ff870258000 	C:\Windows\SYSTEM32\kernel.appcore.dll
0x00007ff856ea0000 - 0x00007ff856eaa000 	C:\Program Files\Microsoft\jdk-17.0.8.7-hotspot\bin\jimage.dll
0x00007ff86ecd0000 - 0x00007ff86ef03000 	C:\Windows\SYSTEM32\DBGHELP.DLL
0x00007ff871dc0000 - 0x00007ff872149000 	C:\Windows\System32\combase.dll
0x00007ff872160000 - 0x00007ff872237000 	C:\Windows\System32\OLEAUT32.dll
0x00007ff857c10000 - 0x00007ff857c42000 	C:\Windows\SYSTEM32\dbgcore.DLL
0x00007ff8713a0000 - 0x00007ff87141a000 	C:\Windows\System32\bcryptPrimitives.dll
0x00007ff852490000 - 0x00007ff8524b5000 	C:\Program Files\Microsoft\jdk-17.0.8.7-hotspot\bin\java.dll
0x00007ff80b300000 - 0x00007ff80b3d7000 	C:\Program Files\Microsoft\jdk-17.0.8.7-hotspot\bin\jsvml.dll
0x00007ff872510000 - 0x00007ff872d6a000 	C:\Windows\System32\SHELL32.dll
0x00007ff86f150000 - 0x00007ff86fa46000 	C:\Windows\SYSTEM32\windows.storage.dll
0x00007ff86f010000 - 0x00007ff86f14e000 	C:\Windows\SYSTEM32\wintypes.dll
0x00007ff8733a0000 - 0x00007ff873493000 	C:\Windows\System32\SHCORE.dll
0x00007ff873240000 - 0x00007ff87329e000 	C:\Windows\System32\shlwapi.dll
0x00007ff8711b0000 - 0x00007ff8711d6000 	C:\Windows\SYSTEM32\profapi.dll
0x00007ff856630000 - 0x00007ff856649000 	C:\Program Files\Microsoft\jdk-17.0.8.7-hotspot\bin\net.dll
0x00007ff868060000 - 0x00007ff868197000 	C:\Windows\SYSTEM32\WINHTTP.dll
0x00007ff8706b0000 - 0x00007ff870719000 	C:\Windows\system32\mswsock.dll
0x00007ff84c840000 - 0x00007ff84c856000 	C:\Program Files\Microsoft\jdk-17.0.8.7-hotspot\bin\nio.dll
0x00007ff8420f0000 - 0x00007ff842108000 	C:\Program Files\Microsoft\jdk-17.0.8.7-hotspot\bin\zip.dll
0x00007ff84c830000 - 0x00007ff84c840000 	C:\Program Files\Microsoft\jdk-17.0.8.7-hotspot\bin\verify.dll
0x00007ff85f250000 - 0x00007ff85f277000 	C:\Users\soban\.gradle\native\68d5fa5c4cc2d200863cafc0d521ce42e7d3e7ee720ec0a83991735586a16f82\windows-amd64\native-platform.dll
0x00007ff806b40000 - 0x00007ff806c84000 	C:\Users\soban\.gradle\native\e376f236ea51e6404a007f0833ffe2c6e607c4080706a723a18a27aeea778392\windows-amd64\native-platform-file-events.dll
0x00007ff853540000 - 0x00007ff853549000 	C:\Program Files\Microsoft\jdk-17.0.8.7-hotspot\bin\management.dll
0x00007ff8529b0000 - 0x00007ff8529bb000 	C:\Program Files\Microsoft\jdk-17.0.8.7-hotspot\bin\management_ext.dll
0x00007ff872150000 - 0x00007ff872158000 	C:\Windows\System32\PSAPI.DLL
0x00007ff870a00000 - 0x00007ff870a1b000 	C:\Windows\SYSTEM32\CRYPTSP.dll
0x00007ff8701a0000 - 0x00007ff8701d5000 	C:\Windows\system32\rsaenh.dll
0x00007ff870750000 - 0x00007ff87077c000 	C:\Windows\SYSTEM32\USERENV.dll
0x00007ff870b40000 - 0x00007ff870b68000 	C:\Windows\SYSTEM32\bcrypt.dll
0x00007ff8709e0000 - 0x00007ff8709ec000 	C:\Windows\SYSTEM32\CRYPTBASE.dll
0x00007ff86fcf0000 - 0x00007ff86fd1d000 	C:\Windows\SYSTEM32\IPHLPAPI.DLL
0x00007ff873330000 - 0x00007ff873339000 	C:\Windows\System32\NSI.dll
0x00007ff867f20000 - 0x00007ff867f39000 	C:\Windows\SYSTEM32\dhcpcsvc6.DLL
0x00007ff867e50000 - 0x00007ff867e6f000 	C:\Windows\SYSTEM32\dhcpcsvc.DLL
0x00007ff86fd20000 - 0x00007ff86fe19000 	C:\Windows\SYSTEM32\DNSAPI.dll
0x00007ff8524f0000 - 0x00007ff8524fe000 	C:\Program Files\Microsoft\jdk-17.0.8.7-hotspot\bin\sunmscapi.dll
0x00007ff8719d0000 - 0x00007ff871b36000 	C:\Windows\System32\CRYPT32.dll
0x00007ff870b10000 - 0x00007ff870b3d000 	C:\Windows\SYSTEM32\ncrypt.dll
0x00007ff870ad0000 - 0x00007ff870b07000 	C:\Windows\SYSTEM32\NTASN1.dll
0x00007ff83fdb0000 - 0x00007ff83fdb8000 	C:\Windows\system32\wshunix.dll
0x00007ff8639b0000 - 0x00007ff8639c7000 	C:\Windows\system32\napinsp.dll
0x00007ff85a000000 - 0x00007ff85a01b000 	C:\Windows\system32\pnrpnsp.dll
0x00007ff859fe0000 - 0x00007ff859ff1000 	C:\Windows\System32\winrnr.dll
0x00007ff842990000 - 0x00007ff8429a5000 	C:\Windows\system32\wshbth.dll
0x00007ff81bdf0000 - 0x00007ff81be11000 	C:\Windows\system32\nlansp_c.dll
0x00007ff8640e0000 - 0x00007ff8640ea000 	C:\Windows\System32\rasadhlp.dll
0x00007ff8662d0000 - 0x00007ff866353000 	C:\Windows\System32\fwpuclnt.dll

dbghelp: loaded successfully - version: 4.0.5 - missing functions: none
symbol engine: initialized successfully - sym options: 0x614 - pdb path: .;C:\Program Files\Microsoft\jdk-17.0.8.7-hotspot\bin;C:\Windows\SYSTEM32;C:\Windows\WinSxS\amd64_microsoft.windows.common-controls_6595b64144ccf1df_6.0.22621.2506_none_270c5ae97388e100;C:\Program Files\Microsoft\jdk-17.0.8.7-hotspot\bin\server;C:\Users\soban\.gradle\native\68d5fa5c4cc2d200863cafc0d521ce42e7d3e7ee720ec0a83991735586a16f82\windows-amd64;C:\Users\soban\.gradle\native\e376f236ea51e6404a007f0833ffe2c6e607c4080706a723a18a27aeea778392\windows-amd64

VM Arguments:
jvm_args: -XX:MaxMetaspaceSize=512m --add-opens=java.base/java.util=ALL-UNNAMED --add-opens=java.base/java.lang=ALL-UNNAMED --add-opens=java.base/java.lang.invoke=ALL-UNNAMED --add-opens=java.prefs/java.util.prefs=ALL-UNNAMED --add-opens=java.base/java.nio.charset=ALL-UNNAMED --add-opens=java.base/java.net=ALL-UNNAMED --add-opens=java.base/java.util.concurrent.atomic=ALL-UNNAMED -Xmx2048m -Dfile.encoding=windows-1252 -Duser.country=US -Duser.language=en -Duser.variant 
java_command: org.gradle.launcher.daemon.bootstrap.GradleDaemon 8.0.1
java_class_path (initial): C:\Users\soban\.gradle\wrapper\dists\gradle-8.0.1-all\aro4hu1c3oeioove7l0i4i14o\gradle-8.0.1\lib\gradle-launcher-8.0.1.jar
Launcher Type: SUN_STANDARD

[Global flags]
     intx CICompilerCount                          = 4                                         {product} {ergonomic}
   size_t CompressedClassSpaceSize                 = 436207616                                 {product} {ergonomic}
     uint ConcGCThreads                            = 2                                         {product} {ergonomic}
     uint G1ConcRefinementThreads                  = 8                                         {product} {ergonomic}
   size_t G1HeapRegionSize                         = 1048576                                   {product} {ergonomic}
    uintx GCDrainStackTargetSize                   = 64                                        {product} {ergonomic}
   size_t InitialHeapSize                          = 130023424                                 {product} {ergonomic}
   size_t MarkStackSize                            = 4194304                                   {product} {ergonomic}
   size_t MaxHeapSize                              = 2147483648                                {product} {command line}
   size_t MaxMetaspaceSize                         = 536870912                                 {product} {command line}
   size_t MaxNewSize                               = 1287651328                                {product} {ergonomic}
   size_t MinHeapDeltaBytes                        = 1048576                                   {product} {ergonomic}
   size_t MinHeapSize                              = 8388608                                   {product} {ergonomic}
    uintx NonNMethodCodeHeapSize                   = 5839372                                {pd product} {ergonomic}
    uintx NonProfiledCodeHeapSize                  = 122909434                              {pd product} {ergonomic}
    uintx ProfiledCodeHeapSize                     = 122909434                              {pd product} {ergonomic}
    uintx ReservedCodeCacheSize                    = 251658240                              {pd product} {ergonomic}
     bool SegmentedCodeCache                       = true                                      {product} {ergonomic}
   size_t SoftMaxHeapSize                          = 2147483648                             {manageable} {ergonomic}
     bool UseCompressedClassPointers               = true                           {product lp64_product} {ergonomic}
     bool UseCompressedOops                        = true                           {product lp64_product} {ergonomic}
     bool UseG1GC                                  = true                                      {product} {ergonomic}
     bool UseLargePagesIndividualAllocation        = false                                  {pd product} {ergonomic}

Logging:
Log output configuration:
 #0: stdout all=warning uptime,level,tags
 #1: stderr all=off uptime,level,tags

Environment Variables:
JAVA_HOME=C:\Program Files\Microsoft\jdk-17.0.8.7-hotspot\
CLASSPATH=C:\Users\soban\Desktop\Question1\questionone\android\\gradle\wrapper\gradle-wrapper.jar
PATH=C:\Users\soban\Desktop\Question1\questionone\node_modules\.bin;C:\Users\soban\Desktop\Question1\node_modules\.bin;C:\Users\soban\Desktop\node_modules\.bin;C:\Users\soban\node_modules\.bin;C:\Users\node_modules\.bin;C:\node_modules\.bin;C:\Users\soban\AppData\Roaming\npm\node_modules\npm\node_modules\@npmcli\run-script\lib\node-gyp-bin;C:\Program Files\Microsoft\jdk-17.0.8.7-hotspot\bin;C:\Program Files\Java\jdk-17\bin;C:\Windows\system32;C:\Windows;C:\Windows\System32\Wbem;C:\Windows\System32\WindowsPowerShell\v1.0\;C:\Windows\System32\OpenSSH\;C:\Program Files\Git\cmd;C:\ProgramData\chocolatey\bin;C:\Users\soban\AppData\Local\Android\Sdk\platform-tools;C:\Program Files\nodejs\;C:\Users\soban\AppData\Local\Programs\Python\Python312\Scripts\;C:\Users\soban\AppData\Local\Programs\Python\Python312\;C:\Users\soban\AppData\Local\Microsoft\WindowsApps;C:\Users\soban\AppData\Local\Programs\Microsoft VS Code\bin;C:\Users\soban\AppData\Roaming\npm;
USERNAME=soban
LANG=en_US.UTF-8
OS=Windows_NT
PROCESSOR_IDENTIFIER=Intel64 Family 6 Model 154 Stepping 4, GenuineIntel
TMP=C:\Users\soban\AppData\Local\Temp
TEMP=C:\Users\soban\AppData\Local\Temp



---------------  S Y S T E M  ---------------

OS:
 Windows 11 , 64 bit Build 22621 (10.0.22621.2506)
OS uptime: 1 days 11:30 hours
Hyper-V role detected

CPU: total 8 (initial active 8) (4 cores per cpu, 2 threads per core) family 6 model 154 stepping 4 microcode 0x42c, cx8, cmov, fxsr, ht, mmx, 3dnowpref, sse, sse2, sse3, ssse3, sse4.1, sse4.2, popcnt, lzcnt, tsc, tscinvbit, avx, avx2, aes, erms, clmul, bmi1, bmi2, adx, sha, fma, vzeroupper, clflush, clflushopt, clwb, hv
Processor Information for processor 0
  Max Mhz: 1200, Current Mhz: 1200, Mhz Limit: 1200
Processor Information for processor 1
  Max Mhz: 1200, Current Mhz: 1200, Mhz Limit: 1200
Processor Information for processor 2
  Max Mhz: 1200, Current Mhz: 1200, Mhz Limit: 1200
Processor Information for processor 3
  Max Mhz: 1200, Current Mhz: 1200, Mhz Limit: 1200
Processor Information for processor 4
  Max Mhz: 1200, Current Mhz: 900, Mhz Limit: 900
Processor Information for processor 5
  Max Mhz: 1200, Current Mhz: 900, Mhz Limit: 900
Processor Information for processor 6
  Max Mhz: 1200, Current Mhz: 900, Mhz Limit: 900
Processor Information for processor 7
  Max Mhz: 1200, Current Mhz: 900, Mhz Limit: 900

Memory: 4k page, system-wide physical 7863M (267M free)
TotalPageFile size 16833M (AvailPageFile size 2320M)
current process WorkingSet (physical memory assigned to process): 192M, peak: 508M
current process commit charge ("private bytes"): 570M, peak: 581M

vm_info: OpenJDK 64-Bit Server VM (17.0.8+7-LTS) for windows-amd64 JRE (17.0.8+7-LTS), built on Jul  7 2023 17:21:55 by "MicrosoftCorporation" with MS VC++ 16.10 / 16.11 (VS2019)

END.
